<?xml version="1.0" encoding="UTF-8"?>
<testsuite xmlns:xsi="http://www.w3.org/2001/XMLSchema-instance" xsi:noNamespaceSchemaLocation="https://maven.apache.org/surefire/maven-surefire-plugin/xsd/surefire-test-report.xsd" name="org.ostfalia.ExampleResourceTest" time="17.221" tests="1" errors="0" skipped="0" failures="1">
  <properties>
[...]
</properties>
  <testcase name="testHelloEndpoint" classname="org.ostfalia.ExampleResourceTest" time="2.983">
    <failure message="1 expectation failed.&#10;Expected status code &lt;200&gt; but was &lt;404&gt;.&#10;" type="java.lang.AssertionError"><![CDATA[java.lang.AssertionError: 
1 expectation failed.
Expected status code <200> but was <404>.

	at org.ostfalia.ExampleResourceTest.testHelloEndpoint(ExampleResourceTest.java:17)
]]></failure>
    <system-out><![CDATA[Downloading from central: https://repo.maven.apache.org/maven2/io/quarkus/quarkus-resteasy-deployment/1.4.2.Final/quarkus-resteasy-deployment-1.4.2.Final.pom
Progress (1): quarkus-resteasy-deployment-1.4.2.Final.pom (2.7/3.8 kB)Progress (1): quarkus-resteasy-deployment-1.4.2.Final.pom (3.8 kB)                                                                      Downloaded from central: https://repo.maven.apache.org/maven2/io/quarkus/quarkus-resteasy-deployment/1.4.2.Final/quarkus-resteasy-deployment-1.4.2.Final.pom (3.8 kB at 6.5 kB/s)
Downloading from central: https://repo.maven.apache.org/maven2/io/quarkus/quarkus-resteasy-server-common-deployment/1.4.2.Final/quarkus-resteasy-server-common-deployment-1.4.2.Final.pom
Progress (1): quarkus-resteasy-server-common-deployment-1.4.2.Final.pom (2.2 kB)                                                                                Downloaded from central: https://repo.maven.apache.org/maven2/io/quarkus/quarkus-resteasy-server-common-deployment/1.4.2.Final/quarkus-resteasy-server-common-deployment-1.4.2.Final.pom (2.2 kB at 11 kB/s)
Downloading from central: https://repo.maven.apache.org/maven2/org/jsoup/jsoup/1.11.3/jsoup-1.11.3.pom
Progress (1): jsoup-1.11.3.pom (2.7/8.3 kB)Progress (1): jsoup-1.11.3.pom (5.5/8.3 kB)Progress (1): jsoup-1.11.3.pom (8.2/8.3 kB)Progress (1): jsoup-1.11.3.pom (8.3 kB)                                           Downloaded from central: https://repo.maven.apache.org/maven2/org/jsoup/jsoup/1.11.3/jsoup-1.11.3.pom (8.3 kB at 143 kB/s)
Downloading from central: https://repo.maven.apache.org/maven2/org/apache/maven/wagon/wagon-provider-api/3.3.3/wagon-provider-api-3.3.3.pom
Progress (1): wagon-provider-api-3.3.3.pom (1.9 kB)                                                   Downloaded from central: https://repo.maven.apache.org/maven2/org/apache/maven/wagon/wagon-provider-api/3.3.3/wagon-provider-api-3.3.3.pom (1.9 kB at 42 kB/s)
Downloading from central: https://repo.maven.apache.org/maven2/org/apache/maven/wagon/wagon/3.3.3/wagon-3.3.3.pom
Progress (1): wagon-3.3.3.pom (2.7/21 kB)Progress (1): wagon-3.3.3.pom (5.5/21 kB)Progress (1): wagon-3.3.3.pom (8.2/21 kB)Progress (1): wagon-3.3.3.pom (11/21 kB) Progress (1): wagon-3.3.3.pom (14/21 kB)Progress (1): wagon-3.3.3.pom (16/21 kB)Progress (1): wagon-3.3.3.pom (19/21 kB)Progress (1): wagon-3.3.3.pom (21 kB)                                        Downloaded from central: https://repo.maven.apache.org/maven2/org/apache/maven/wagon/wagon/3.3.3/wagon-3.3.3.pom (21 kB at 316 kB/s)
Downloading from central: https://repo.maven.apache.org/maven2/io/quarkus/quarkus-resteasy-common-deployment/1.4.2.Final/quarkus-resteasy-common-deployment-1.4.2.Final.pom
Progress (1): quarkus-resteasy-common-deployment-1.4.2.Final.pom (2.0 kB)                                                                         Downloaded from central: https://repo.maven.apache.org/maven2/io/quarkus/quarkus-resteasy-common-deployment/1.4.2.Final/quarkus-resteasy-common-deployment-1.4.2.Final.pom (2.0 kB at 9.1 kB/s)
Downloading from central: https://repo.maven.apache.org/maven2/io/quarkus/quarkus-resteasy-common-spi/1.4.2.Final/quarkus-resteasy-common-spi-1.4.2.Final.pom
Progress (1): quarkus-resteasy-common-spi-1.4.2.Final.pom (817 B)                                                                 Downloaded from central: https://repo.maven.apache.org/maven2/io/quarkus/quarkus-resteasy-common-spi/1.4.2.Final/quarkus-resteasy-common-spi-1.4.2.Final.pom (817 B at 3.7 kB/s)
Downloading from central: https://repo.maven.apache.org/maven2/io/quarkus/quarkus-arc-deployment/1.4.2.Final/quarkus-arc-deployment-1.4.2.Final.pom
Progress (1): quarkus-arc-deployment-1.4.2.Final.pom (1.6 kB)                                                             Downloaded from central: https://repo.maven.apache.org/maven2/io/quarkus/quarkus-arc-deployment/1.4.2.Final/quarkus-arc-deployment-1.4.2.Final.pom (1.6 kB at 12 kB/s)
Downloading from central: https://repo.maven.apache.org/maven2/io/quarkus/arc/arc-processor/1.4.2.Final/arc-processor-1.4.2.Final.pom
Progress (1): arc-processor-1.4.2.Final.pom (1.7 kB)                                                    Downloaded from central: https://repo.maven.apache.org/maven2/io/quarkus/arc/arc-processor/1.4.2.Final/arc-processor-1.4.2.Final.pom (1.7 kB at 36 kB/s)
Downloading from central: https://repo.maven.apache.org/maven2/io/quarkus/quarkus-resteasy-server-common-spi/1.4.2.Final/quarkus-resteasy-server-common-spi-1.4.2.Final.pom
Progress (1): quarkus-resteasy-server-common-spi-1.4.2.Final.pom (889 B)                                                                        Downloaded from central: https://repo.maven.apache.org/maven2/io/quarkus/quarkus-resteasy-server-common-spi/1.4.2.Final/quarkus-resteasy-server-common-spi-1.4.2.Final.pom (889 B at 3.8 kB/s)
Downloading from central: https://repo.maven.apache.org/maven2/io/quarkus/quarkus-undertow-spi/1.4.2.Final/quarkus-undertow-spi-1.4.2.Final.pom
Progress (1): quarkus-undertow-spi-1.4.2.Final.pom (2.0 kB)                                                           Downloaded from central: https://repo.maven.apache.org/maven2/io/quarkus/quarkus-undertow-spi/1.4.2.Final/quarkus-undertow-spi-1.4.2.Final.pom (2.0 kB at 9.4 kB/s)
Downloading from central: https://repo.maven.apache.org/maven2/org/jboss/metadata/jboss-metadata-web/11.0.0.Final/jboss-metadata-web-11.0.0.Final.pom
Progress (1): jboss-metadata-web-11.0.0.Final.pom (2.7/4.7 kB)Progress (1): jboss-metadata-web-11.0.0.Final.pom (4.7 kB)                                                              Downloaded from central: https://repo.maven.apache.org/maven2/org/jboss/metadata/jboss-metadata-web/11.0.0.Final/jboss-metadata-web-11.0.0.Final.pom (4.7 kB at 104 kB/s)
Downloading from central: https://repo.maven.apache.org/maven2/org/jboss/metadata/jboss-as-parent-metadata/11.0.0.Final/jboss-as-parent-metadata-11.0.0.Final.pom
Progress (1): jboss-as-parent-metadata-11.0.0.Final.pom (4.1/17 kB)Progress (1): jboss-as-parent-metadata-11.0.0.Final.pom (8.2/17 kB)Progress (1): jboss-as-parent-metadata-11.0.0.Final.pom (12/17 kB) Progress (1): jboss-as-parent-metadata-11.0.0.Final.pom (16/17 kB)Progress (1): jboss-as-parent-metadata-11.0.0.Final.pom (17 kB)                                                                  Downloaded from central: https://repo.maven.apache.org/maven2/org/jboss/metadata/jboss-as-parent-metadata/11.0.0.Final/jboss-as-parent-metadata-11.0.0.Final.pom (17 kB at 298 kB/s)
Downloading from central: https://repo.maven.apache.org/maven2/org/jboss/jboss-parent/16/jboss-parent-16.pom
Progress (1): jboss-parent-16.pom (4.1/32 kB)Progress (1): jboss-parent-16.pom (8.2/32 kB)Progress (1): jboss-parent-16.pom (12/32 kB) Progress (1): jboss-parent-16.pom (16/32 kB)Progress (1): jboss-parent-16.pom (20/32 kB)Progress (1): jboss-parent-16.pom (25/32 kB)Progress (1): jboss-parent-16.pom (29/32 kB)Progress (1): jboss-parent-16.pom (32 kB)                                            Downloaded from central: https://repo.maven.apache.org/maven2/org/jboss/jboss-parent/16/jboss-parent-16.pom (32 kB at 563 kB/s)
Downloading from central: https://repo.maven.apache.org/maven2/org/jboss/metadata/jboss-metadata-common/11.0.0.Final/jboss-metadata-common-11.0.0.Final.pom
Progress (1): jboss-metadata-common-11.0.0.Final.pom (4.0 kB)                                                             Downloaded from central: https://repo.maven.apache.org/maven2/org/jboss/metadata/jboss-metadata-common/11.0.0.Final/jboss-metadata-common-11.0.0.Final.pom (4.0 kB at 101 kB/s)
Downloading from central: https://repo.maven.apache.org/maven2/io/quarkus/quarkus-vertx-http-deployment/1.4.2.Final/quarkus-vertx-http-deployment-1.4.2.Final.pom
Progress (1): quarkus-vertx-http-deployment-1.4.2.Final.pom (3.0 kB)                                                                    Downloaded from central: https://repo.maven.apache.org/maven2/io/quarkus/quarkus-vertx-http-deployment/1.4.2.Final/quarkus-vertx-http-deployment-1.4.2.Final.pom (3.0 kB at 15 kB/s)
Downloading from central: https://repo.maven.apache.org/maven2/io/quarkus/quarkus-vertx-core-deployment/1.4.2.Final/quarkus-vertx-core-deployment-1.4.2.Final.pom
Progress (1): quarkus-vertx-core-deployment-1.4.2.Final.pom (2.2 kB)                                                                    Downloaded from central: https://repo.maven.apache.org/maven2/io/quarkus/quarkus-vertx-core-deployment/1.4.2.Final/quarkus-vertx-core-deployment-1.4.2.Final.pom (2.2 kB at 11 kB/s)
Downloading from central: https://repo.maven.apache.org/maven2/io/quarkus/quarkus-netty-deployment/1.4.2.Final/quarkus-netty-deployment-1.4.2.Final.pom
Progress (1): quarkus-netty-deployment-1.4.2.Final.pom (1.6 kB)                                                               Downloaded from central: https://repo.maven.apache.org/maven2/io/quarkus/quarkus-netty-deployment/1.4.2.Final/quarkus-netty-deployment-1.4.2.Final.pom (1.6 kB at 4.5 kB/s)
Downloading from central: https://repo.maven.apache.org/maven2/io/quarkus/quarkus-kubernetes-spi/1.4.2.Final/quarkus-kubernetes-spi-1.4.2.Final.pom
Progress (1): quarkus-kubernetes-spi-1.4.2.Final.pom (862 B)                                                            Downloaded from central: https://repo.maven.apache.org/maven2/io/quarkus/quarkus-kubernetes-spi/1.4.2.Final/quarkus-kubernetes-spi-1.4.2.Final.pom (862 B at 6.2 kB/s)
Downloading from central: https://repo.maven.apache.org/maven2/io/quarkus/quarkus-kubernetes-parent/1.4.2.Final/quarkus-kubernetes-parent-1.4.2.Final.pom
Progress (1): quarkus-kubernetes-parent-1.4.2.Final.pom (786 B)                                                               Downloaded from central: https://repo.maven.apache.org/maven2/io/quarkus/quarkus-kubernetes-parent/1.4.2.Final/quarkus-kubernetes-parent-1.4.2.Final.pom (786 B at 4.0 kB/s)
Downloading from central: https://repo.maven.apache.org/maven2/io/quarkus/quarkus-security-spi/1.4.2.Final/quarkus-security-spi-1.4.2.Final.pom
Progress (1): quarkus-security-spi-1.4.2.Final.pom (1.4 kB)                                                           Downloaded from central: https://repo.maven.apache.org/maven2/io/quarkus/quarkus-security-spi/1.4.2.Final/quarkus-security-spi-1.4.2.Final.pom (1.4 kB at 4.0 kB/s)
Downloading from central: https://repo.maven.apache.org/maven2/io/quarkus/quarkus-security-parent/1.4.2.Final/quarkus-security-parent-1.4.2.Final.pom
Progress (1): quarkus-security-parent-1.4.2.Final.pom (819 B)                                                             Downloaded from central: https://repo.maven.apache.org/maven2/io/quarkus/quarkus-security-parent/1.4.2.Final/quarkus-security-parent-1.4.2.Final.pom (819 B at 6.8 kB/s)
Downloading from central: https://repo.maven.apache.org/maven2/org/graalvm/nativeimage/svm/19.3.1/svm-19.3.1.pom
Progress (1): svm-19.3.1.pom (2.7 kB)                                     Downloaded from central: https://repo.maven.apache.org/maven2/org/graalvm/nativeimage/svm/19.3.1/svm-19.3.1.pom (2.7 kB at 61 kB/s)
Downloading from central: https://repo.maven.apache.org/maven2/io/quarkus/quarkus-undertow-websockets-deployment/1.4.2.Final/quarkus-undertow-websockets-deployment-1.4.2.Final.pom
Progress (1): quarkus-undertow-websockets-deployment-1.4.2.Final.pom (1.9 kB)                                                                             Downloaded from central: https://repo.maven.apache.org/maven2/io/quarkus/quarkus-undertow-websockets-deployment/1.4.2.Final/quarkus-undertow-websockets-deployment-1.4.2.Final.pom (1.9 kB at 4.1 kB/s)
Downloading from central: https://repo.maven.apache.org/maven2/io/quarkus/quarkus-undertow-deployment/1.4.2.Final/quarkus-undertow-deployment-1.4.2.Final.pom
Progress (1): quarkus-undertow-deployment-1.4.2.Final.pom (3.5 kB)                                                                  Downloaded from central: https://repo.maven.apache.org/maven2/io/quarkus/quarkus-undertow-deployment/1.4.2.Final/quarkus-undertow-deployment-1.4.2.Final.pom (3.5 kB at 13 kB/s)
Downloading from central: https://repo.maven.apache.org/maven2/io/quarkus/quarkus-rest-client-deployment/1.4.2.Final/quarkus-rest-client-deployment-1.4.2.Final.pom
Progress (1): quarkus-rest-client-deployment-1.4.2.Final.pom (2.4 kB)                                                                     Downloaded from central: https://repo.maven.apache.org/maven2/io/quarkus/quarkus-rest-client-deployment/1.4.2.Final/quarkus-rest-client-deployment-1.4.2.Final.pom (2.4 kB at 12 kB/s)
Downloading from central: https://repo.maven.apache.org/maven2/io/quarkus/quarkus-resteasy-jsonb-deployment/1.4.2.Final/quarkus-resteasy-jsonb-deployment-1.4.2.Final.pom
Progress (1): quarkus-resteasy-jsonb-deployment-1.4.2.Final.pom (2.3 kB)                                                                        Downloaded from central: https://repo.maven.apache.org/maven2/io/quarkus/quarkus-resteasy-jsonb-deployment/1.4.2.Final/quarkus-resteasy-jsonb-deployment-1.4.2.Final.pom (2.3 kB at 11 kB/s)
Downloading from central: https://repo.maven.apache.org/maven2/io/quarkus/quarkus-jsonb-deployment/1.4.2.Final/quarkus-jsonb-deployment-1.4.2.Final.pom
Progress (1): quarkus-jsonb-deployment-1.4.2.Final.pom (2.0 kB)                                                               Downloaded from central: https://repo.maven.apache.org/maven2/io/quarkus/quarkus-jsonb-deployment/1.4.2.Final/quarkus-jsonb-deployment-1.4.2.Final.pom (2.0 kB at 9.2 kB/s)
Downloading from central: https://repo.maven.apache.org/maven2/io/quarkus/quarkus-jsonb-spi/1.4.2.Final/quarkus-jsonb-spi-1.4.2.Final.pom
Progress (1): quarkus-jsonb-spi-1.4.2.Final.pom (828 B)                                                       Downloaded from central: https://repo.maven.apache.org/maven2/io/quarkus/quarkus-jsonb-spi/1.4.2.Final/quarkus-jsonb-spi-1.4.2.Final.pom (828 B at 3.8 kB/s)
Downloading from central: https://repo.maven.apache.org/maven2/io/quarkus/quarkus-resteasy-server-common-spi/1.4.2.Final/quarkus-resteasy-server-common-spi-1.4.2.Final.jar
Downloading from central: https://repo.maven.apache.org/maven2/io/quarkus/quarkus-resteasy-server-common-deployment/1.4.2.Final/quarkus-resteasy-server-common-deployment-1.4.2.Final.jar
Downloading from central: https://repo.maven.apache.org/maven2/io/quarkus/quarkus-undertow-spi/1.4.2.Final/quarkus-undertow-spi-1.4.2.Final.jar
Downloading from central: https://repo.maven.apache.org/maven2/io/quarkus/quarkus-netty-deployment/1.4.2.Final/quarkus-netty-deployment-1.4.2.Final.jar
Downloading from central: https://repo.maven.apache.org/maven2/io/quarkus/quarkus-vertx-core-deployment/1.4.2.Final/quarkus-vertx-core-deployment-1.4.2.Final.jar
Progress (1): quarkus-resteasy-server-common-spi-1.4.2.Final.jar (4.1/5.2 kB)Progress (1): quarkus-resteasy-server-common-spi-1.4.2.Final.jar (5.2 kB)    Progress (2): quarkus-resteasy-server-common-spi-1.4.2.Final.jar (5.2 kB) | quarkus-vertx-core-deployment-1.4.2.Final.jar (2.7/8.1 kB)Progress (2): quarkus-resteasy-server-common-spi-1.4.2.Final.jar (5.2 kB) | quarkus-vertx-core-deployment-1.4.2.Final.jar (5.5/8.1 kB)Progress (3): quarkus-resteasy-server-common-spi-1.4.2.Final.jar (5.2 kB) | quarkus-vertx-core-deployment-1.4.2.Final.jar (5.5/8.1 kB) | quarkus-netty-deployment-1.4.2.Final.jar (2.7/10 kB)Progress (3): quarkus-resteasy-server-common-spi-1.4.2.Final.jar (5.2 kB) | quarkus-vertx-core-deployment-1.4.2.Final.jar (8.1 kB) | quarkus-netty-deployment-1.4.2.Final.jar (2.7/10 kB)    Progress (4): quarkus-resteasy-server-common-spi-1.4.2.Final.jar (5.2 kB) | quarkus-vertx-core-deployment-1.4.2.Final.jar (8.1 kB) | quarkus-netty-deployment-1.4.2.Final.jar (2.7/10 kB) | quarkus-resteasy-server-common-deployment-1.4.2.Final.jar (2.7/29 kB)Progress (4): quarkus-resteasy-server-common-spi-1.4.2.Final.jar (5.2 kB) | quarkus-vertx-core-deployment-1.4.2.Final.jar (8.1 kB) | quarkus-netty-deployment-1.4.2.Final.jar (5.5/10 kB) | quarkus-resteasy-server-common-deployment-1.4.2.Final.jar (2.7/29 kB)Progress (4): quarkus-resteasy-server-common-spi-1.4.2.Final.jar (5.2 kB) | quarkus-vertx-core-deployment-1.4.2.Final.jar (8.1 kB) | quarkus-netty-deployment-1.4.2.Final.jar (5.5/10 kB) | quarkus-resteasy-server-common-deployment-1.4.2.Final.jar (5.5/29 kB)Progress (4): quarkus-resteasy-server-common-spi-1.4.2.Final.jar (5.2 kB) | quarkus-vertx-core-deployment-1.4.2.Final.jar (8.1 kB) | quarkus-netty-deployment-1.4.2.Final.jar (8.2/10 kB) | quarkus-resteasy-server-common-deployment-1.4.2.Final.jar (5.5/29 kB)Progress (4): quarkus-resteasy-server-common-spi-1.4.2.Final.jar (5.2 kB) | quarkus-vertx-core-deployment-1.4.2.Final.jar (8.1 kB) | quarkus-netty-deployment-1.4.2.Final.jar (8.2/10 kB) | quarkus-resteasy-server-common-deployment-1.4.2.Final.jar (8.2/29 kB)Progress (5): quarkus-resteasy-server-common-spi-1.4.2.Final.jar (5.2 kB) | quarkus-vertx-core-deployment-1.4.2.Final.jar (8.1 kB) | quarkus-netty-deployment-1.4.2.Final.jar (8.2/10 kB) | quarkus-resteasy-server-common-deployment-1.4.2.Final.jar (8.2/29 kB) | quarkus-undertow-spi-1.4.2.Final.jar (2.7/24 kB)Progress (5): quarkus-resteasy-server-common-spi-1.4.2.Final.jar (5.2 kB) | quarkus-vertx-core-deployment-1.4.2.Final.jar (8.1 kB) | quarkus-netty-deployment-1.4.2.Final.jar (8.2/10 kB) | quarkus-resteasy-server-common-deployment-1.4.2.Final.jar (11/29 kB) | quarkus-undertow-spi-1.4.2.Final.jar (2.7/24 kB) Progress (5): quarkus-resteasy-server-common-spi-1.4.2.Final.jar (5.2 kB) | quarkus-vertx-core-deployment-1.4.2.Final.jar (8.1 kB) | quarkus-netty-deployment-1.4.2.Final.jar (10 kB) | quarkus-resteasy-server-common-deployment-1.4.2.Final.jar (11/29 kB) | quarkus-undertow-spi-1.4.2.Final.jar (2.7/24 kB)    Progress (5): quarkus-resteasy-server-common-spi-1.4.2.Final.jar (5.2 kB) | quarkus-vertx-core-deployment-1.4.2.Final.jar (8.1 kB) | quarkus-netty-deployment-1.4.2.Final.jar (10 kB) | quarkus-resteasy-server-common-deployment-1.4.2.Final.jar (14/29 kB) | quarkus-undertow-spi-1.4.2.Final.jar (2.7/24 kB)Progress (5): quarkus-resteasy-server-common-spi-1.4.2.Final.jar (5.2 kB) | quarkus-vertx-core-deployment-1.4.2.Final.jar (8.1 kB) | quarkus-netty-deployment-1.4.2.Final.jar (10 kB) | quarkus-resteasy-server-common-deployment-1.4.2.Final.jar (14/29 kB) | quarkus-undertow-spi-1.4.2.Final.jar (5.5/24 kB)Progress (5): quarkus-resteasy-server-common-spi-1.4.2.Final.jar (5.2 kB) | quarkus-vertx-core-deployment-1.4.2.Final.jar (8.1 kB) | quarkus-netty-deployment-1.4.2.Final.jar (10 kB) | quarkus-resteasy-server-common-deployment-1.4.2.Final.jar (16/29 kB) | quarkus-undertow-spi-1.4.2.Final.jar (5.5/24 kB)Progress (5): quarkus-resteasy-server-common-spi-1.4.2.Final.jar (5.2 kB) | quarkus-vertx-core-deployment-1.4.2.Final.jar (8.1 kB) | quarkus-netty-deployment-1.4.2.Final.jar (10 kB) | quarkus-resteasy-server-common-deployment-1.4.2.Final.jar (16/29 kB) | quarkus-undertow-spi-1.4.2.Final.jar (8.2/24 kB)Progress (5): quarkus-resteasy-server-common-spi-1.4.2.Final.jar (5.2 kB) | quarkus-vertx-core-deployment-1.4.2.Final.jar (8.1 kB) | quarkus-netty-deployment-1.4.2.Final.jar (10 kB) | quarkus-resteasy-server-common-deployment-1.4.2.Final.jar (19/29 kB) | quarkus-undertow-spi-1.4.2.Final.jar (8.2/24 kB)Progress (5): quarkus-resteasy-server-common-spi-1.4.2.Final.jar (5.2 kB) | quarkus-vertx-core-deployment-1.4.2.Final.jar (8.1 kB) | quarkus-netty-deployment-1.4.2.Final.jar (10 kB) | quarkus-resteasy-server-common-deployment-1.4.2.Final.jar (19/29 kB) | quarkus-undertow-spi-1.4.2.Final.jar (11/24 kB)                                                                                                                                                                                                                                                                                                               Downloaded from central: https://repo.maven.apache.org/maven2/io/quarkus/quarkus-vertx-core-deployment/1.4.2.Final/quarkus-vertx-core-deployment-1.4.2.Final.jar (8.1 kB at 44 kB/s)
Progress (4): quarkus-resteasy-server-common-spi-1.4.2.Final.jar (5.2 kB) | quarkus-netty-deployment-1.4.2.Final.jar (10 kB) | quarkus-resteasy-server-common-deployment-1.4.2.Final.jar (22/29 kB) | quarkus-undertow-spi-1.4.2.Final.jar (11/24 kB)Progress (4): quarkus-resteasy-server-common-spi-1.4.2.Final.jar (5.2 kB) | quarkus-netty-deployment-1.4.2.Final.jar (10 kB) | quarkus-resteasy-server-common-deployment-1.4.2.Final.jar (22/29 kB) | quarkus-undertow-spi-1.4.2.Final.jar (14/24 kB)                                                                                                                                                                                                                                                     Downloading from central: https://repo.maven.apache.org/maven2/io/quarkus/quarkus-vertx-http-deployment/1.4.2.Final/quarkus-vertx-http-deployment-1.4.2.Final.jar
Progress (4): quarkus-resteasy-server-common-spi-1.4.2.Final.jar (5.2 kB) | quarkus-netty-deployment-1.4.2.Final.jar (10 kB) | quarkus-resteasy-server-common-deployment-1.4.2.Final.jar (25/29 kB) | quarkus-undertow-spi-1.4.2.Final.jar (14/24 kB)Progress (4): quarkus-resteasy-server-common-spi-1.4.2.Final.jar (5.2 kB) | quarkus-netty-deployment-1.4.2.Final.jar (10 kB) | quarkus-resteasy-server-common-deployment-1.4.2.Final.jar (25/29 kB) | quarkus-undertow-spi-1.4.2.Final.jar (16/24 kB)Progress (4): quarkus-resteasy-server-common-spi-1.4.2.Final.jar (5.2 kB) | quarkus-netty-deployment-1.4.2.Final.jar (10 kB) | quarkus-resteasy-server-common-deployment-1.4.2.Final.jar (27/29 kB) | quarkus-undertow-spi-1.4.2.Final.jar (16/24 kB)Progress (4): quarkus-resteasy-server-common-spi-1.4.2.Final.jar (5.2 kB) | quarkus-netty-deployment-1.4.2.Final.jar (10 kB) | quarkus-resteasy-server-common-deployment-1.4.2.Final.jar (27/29 kB) | quarkus-undertow-spi-1.4.2.Final.jar (19/24 kB)Progress (4): quarkus-resteasy-server-common-spi-1.4.2.Final.jar (5.2 kB) | quarkus-netty-deployment-1.4.2.Final.jar (10 kB) | quarkus-resteasy-server-common-deployment-1.4.2.Final.jar (29 kB) | quarkus-undertow-spi-1.4.2.Final.jar (19/24 kB)   Progress (4): quarkus-resteasy-server-common-spi-1.4.2.Final.jar (5.2 kB) | quarkus-netty-deployment-1.4.2.Final.jar (10 kB) | quarkus-resteasy-server-common-deployment-1.4.2.Final.jar (29 kB) | quarkus-undertow-spi-1.4.2.Final.jar (22/24 kB)Progress (4): quarkus-resteasy-server-common-spi-1.4.2.Final.jar (5.2 kB) | quarkus-netty-deployment-1.4.2.Final.jar (10 kB) | quarkus-resteasy-server-common-deployment-1.4.2.Final.jar (29 kB) | quarkus-undertow-spi-1.4.2.Final.jar (24 kB)                                                                                                                                                                                                                                                  Downloaded from central: https://repo.maven.apache.org/maven2/io/quarkus/quarkus-resteasy-server-common-spi/1.4.2.Final/quarkus-resteasy-server-common-spi-1.4.2.Final.jar (5.2 kB at 24 kB/s)
Downloading from central: https://repo.maven.apache.org/maven2/io/quarkus/arc/arc-processor/1.4.2.Final/arc-processor-1.4.2.Final.jar
Downloaded from central: https://repo.maven.apache.org/maven2/io/quarkus/quarkus-undertow-spi/1.4.2.Final/quarkus-undertow-spi-1.4.2.Final.jar (24 kB at 109 kB/s)
Downloading from central: https://repo.maven.apache.org/maven2/io/quarkus/quarkus-arc-deployment/1.4.2.Final/quarkus-arc-deployment-1.4.2.Final.jar
Progress (3): quarkus-netty-deployment-1.4.2.Final.jar (10 kB) | quarkus-resteasy-server-common-deployment-1.4.2.Final.jar (29 kB) | quarkus-arc-deployment-1.4.2.Final.jar (2.7/142 kB)Progress (3): quarkus-netty-deployment-1.4.2.Final.jar (10 kB) | quarkus-resteasy-server-common-deployment-1.4.2.Final.jar (29 kB) | quarkus-arc-deployment-1.4.2.Final.jar (5.5/142 kB)Progress (3): quarkus-netty-deployment-1.4.2.Final.jar (10 kB) | quarkus-resteasy-server-common-deployment-1.4.2.Final.jar (29 kB) | quarkus-arc-deployment-1.4.2.Final.jar (8.2/142 kB)Progress (3): quarkus-netty-deployment-1.4.2.Final.jar (10 kB) | quarkus-resteasy-server-common-deployment-1.4.2.Final.jar (29 kB) | quarkus-arc-deployment-1.4.2.Final.jar (11/142 kB) Progress (3): quarkus-netty-deployment-1.4.2.Final.jar (10 kB) | quarkus-resteasy-server-common-deployment-1.4.2.Final.jar (29 kB) | quarkus-arc-deployment-1.4.2.Final.jar (14/142 kB)Progress (3): quarkus-netty-deployment-1.4.2.Final.jar (10 kB) | quarkus-resteasy-server-common-deployment-1.4.2.Final.jar (29 kB) | quarkus-arc-deployment-1.4.2.Final.jar (16/142 kB)Progress (3): quarkus-netty-deployment-1.4.2.Final.jar (10 kB) | quarkus-resteasy-server-common-deployment-1.4.2.Final.jar (29 kB) | quarkus-arc-deployment-1.4.2.Final.jar (19/142 kB)Progress (3): quarkus-netty-deployment-1.4.2.Final.jar (10 kB) | quarkus-resteasy-server-common-deployment-1.4.2.Final.jar (29 kB) | quarkus-arc-deployment-1.4.2.Final.jar (22/142 kB)Progress (3): quarkus-netty-deployment-1.4.2.Final.jar (10 kB) | quarkus-resteasy-server-common-deployment-1.4.2.Final.jar (29 kB) | quarkus-arc-deployment-1.4.2.Final.jar (25/142 kB)Progress (3): quarkus-netty-deployment-1.4.2.Final.jar (10 kB) | quarkus-resteasy-server-common-deployment-1.4.2.Final.jar (29 kB) | quarkus-arc-deployment-1.4.2.Final.jar (27/142 kB)Progress (3): quarkus-netty-deployment-1.4.2.Final.jar (10 kB) | quarkus-resteasy-server-common-deployment-1.4.2.Final.jar (29 kB) | quarkus-arc-deployment-1.4.2.Final.jar (30/142 kB)Progress (3): quarkus-netty-deployment-1.4.2.Final.jar (10 kB) | quarkus-resteasy-server-common-deployment-1.4.2.Final.jar (29 kB) | quarkus-arc-deployment-1.4.2.Final.jar (33/142 kB)Progress (3): quarkus-netty-deployment-1.4.2.Final.jar (10 kB) | quarkus-resteasy-server-common-deployment-1.4.2.Final.jar (29 kB) | quarkus-arc-deployment-1.4.2.Final.jar (36/142 kB)Progress (3): quarkus-netty-deployment-1.4.2.Final.jar (10 kB) | quarkus-resteasy-server-common-deployment-1.4.2.Final.jar (29 kB) | quarkus-arc-deployment-1.4.2.Final.jar (38/142 kB)Progress (3): quarkus-netty-deployment-1.4.2.Final.jar (10 kB) | quarkus-resteasy-server-common-deployment-1.4.2.Final.jar (29 kB) | quarkus-arc-deployment-1.4.2.Final.jar (42/142 kB)Progress (3): quarkus-netty-deployment-1.4.2.Final.jar (10 kB) | quarkus-resteasy-server-common-deployment-1.4.2.Final.jar (29 kB) | quarkus-arc-deployment-1.4.2.Final.jar (47/142 kB)                                                                                                                                                                                       Downloaded from central: https://repo.maven.apache.org/maven2/io/quarkus/quarkus-netty-deployment/1.4.2.Final/quarkus-netty-deployment-1.4.2.Final.jar (10 kB at 38 kB/s)
Downloading from central: https://repo.maven.apache.org/maven2/io/quarkus/quarkus-security-spi/1.4.2.Final/quarkus-security-spi-1.4.2.Final.jar
Progress (2): quarkus-resteasy-server-common-deployment-1.4.2.Final.jar (29 kB) | quarkus-arc-deployment-1.4.2.Final.jar (51/142 kB)Progress (2): quarkus-resteasy-server-common-deployment-1.4.2.Final.jar (29 kB) | quarkus-arc-deployment-1.4.2.Final.jar (55/142 kB)Progress (2): quarkus-resteasy-server-common-deployment-1.4.2.Final.jar (29 kB) | quarkus-arc-deployment-1.4.2.Final.jar (59/142 kB)Progress (2): quarkus-resteasy-server-common-deployment-1.4.2.Final.jar (29 kB) | quarkus-arc-deployment-1.4.2.Final.jar (63/142 kB)Progress (2): quarkus-resteasy-server-common-deployment-1.4.2.Final.jar (29 kB) | quarkus-arc-deployment-1.4.2.Final.jar (67/142 kB)Progress (3): quarkus-resteasy-server-common-deployment-1.4.2.Final.jar (29 kB) | quarkus-arc-deployment-1.4.2.Final.jar (67/142 kB) | quarkus-vertx-http-deployment-1.4.2.Final.jar (2.7/22 kB)Progress (3): quarkus-resteasy-server-common-deployment-1.4.2.Final.jar (29 kB) | quarkus-arc-deployment-1.4.2.Final.jar (71/142 kB) | quarkus-vertx-http-deployment-1.4.2.Final.jar (2.7/22 kB)Progress (3): quarkus-resteasy-server-common-deployment-1.4.2.Final.jar (29 kB) | quarkus-arc-deployment-1.4.2.Final.jar (71/142 kB) | quarkus-vertx-http-deployment-1.4.2.Final.jar (5.5/22 kB)Progress (3): quarkus-resteasy-server-common-deployment-1.4.2.Final.jar (29 kB) | quarkus-arc-deployment-1.4.2.Final.jar (71/142 kB) | quarkus-vertx-http-deployment-1.4.2.Final.jar (8.2/22 kB)Progress (3): quarkus-resteasy-server-common-deployment-1.4.2.Final.jar (29 kB) | quarkus-arc-deployment-1.4.2.Final.jar (71/142 kB) | quarkus-vertx-http-deployment-1.4.2.Final.jar (11/22 kB)                                                                                                                                                                                                Downloaded from central: https://repo.maven.apache.org/maven2/io/quarkus/quarkus-resteasy-server-common-deployment/1.4.2.Final/quarkus-resteasy-server-common-deployment-1.4.2.Final.jar (29 kB at 97 kB/s)
Downloading from central: https://repo.maven.apache.org/maven2/org/graalvm/nativeimage/svm/19.3.1/svm-19.3.1.jar
Progress (2): quarkus-arc-deployment-1.4.2.Final.jar (71/142 kB) | quarkus-vertx-http-deployment-1.4.2.Final.jar (14/22 kB)Progress (2): quarkus-arc-deployment-1.4.2.Final.jar (71/142 kB) | quarkus-vertx-http-deployment-1.4.2.Final.jar (16/22 kB)Progress (2): quarkus-arc-deployment-1.4.2.Final.jar (75/142 kB) | quarkus-vertx-http-deployment-1.4.2.Final.jar (16/22 kB)Progress (2): quarkus-arc-deployment-1.4.2.Final.jar (75/142 kB) | quarkus-vertx-http-deployment-1.4.2.Final.jar (19/22 kB)Progress (2): quarkus-arc-deployment-1.4.2.Final.jar (79/142 kB) | quarkus-vertx-http-deployment-1.4.2.Final.jar (19/22 kB)Progress (2): quarkus-arc-deployment-1.4.2.Final.jar (79/142 kB) | quarkus-vertx-http-deployment-1.4.2.Final.jar (22 kB)   Progress (2): quarkus-arc-deployment-1.4.2.Final.jar (83/142 kB) | quarkus-vertx-http-deployment-1.4.2.Final.jar (22 kB)Progress (2): quarkus-arc-deployment-1.4.2.Final.jar (88/142 kB) | quarkus-vertx-http-deployment-1.4.2.Final.jar (22 kB)Progress (2): quarkus-arc-deployment-1.4.2.Final.jar (92/142 kB) | quarkus-vertx-http-deployment-1.4.2.Final.jar (22 kB)Progress (2): quarkus-arc-deployment-1.4.2.Final.jar (96/142 kB) | quarkus-vertx-http-deployment-1.4.2.Final.jar (22 kB)Progress (2): quarkus-arc-deployment-1.4.2.Final.jar (100/142 kB) | quarkus-vertx-http-deployment-1.4.2.Final.jar (22 kB)Progress (2): quarkus-arc-deployment-1.4.2.Final.jar (104/142 kB) | quarkus-vertx-http-deployment-1.4.2.Final.jar (22 kB)Progress (2): quarkus-arc-deployment-1.4.2.Final.jar (108/142 kB) | quarkus-vertx-http-deployment-1.4.2.Final.jar (22 kB)Progress (2): quarkus-arc-deployment-1.4.2.Final.jar (112/142 kB) | quarkus-vertx-http-deployment-1.4.2.Final.jar (22 kB)Progress (2): quarkus-arc-deployment-1.4.2.Final.jar (116/142 kB) | quarkus-vertx-http-deployment-1.4.2.Final.jar (22 kB)Progress (2): quarkus-arc-deployment-1.4.2.Final.jar (120/142 kB) | quarkus-vertx-http-deployment-1.4.2.Final.jar (22 kB)Progress (2): quarkus-arc-deployment-1.4.2.Final.jar (124/142 kB) | quarkus-vertx-http-deployment-1.4.2.Final.jar (22 kB)Progress (3): quarkus-arc-deployment-1.4.2.Final.jar (124/142 kB) | quarkus-vertx-http-deployment-1.4.2.Final.jar (22 kB) | arc-processor-1.4.2.Final.jar (4.1/310 kB)Progress (3): quarkus-arc-deployment-1.4.2.Final.jar (124/142 kB) | quarkus-vertx-http-deployment-1.4.2.Final.jar (22 kB) | arc-processor-1.4.2.Final.jar (8.2/310 kB)Progress (3): quarkus-arc-deployment-1.4.2.Final.jar (124/142 kB) | quarkus-vertx-http-deployment-1.4.2.Final.jar (22 kB) | arc-processor-1.4.2.Final.jar (12/310 kB) Progress (3): quarkus-arc-deployment-1.4.2.Final.jar (124/142 kB) | quarkus-vertx-http-deployment-1.4.2.Final.jar (22 kB) | arc-processor-1.4.2.Final.jar (16/310 kB)Progress (3): quarkus-arc-deployment-1.4.2.Final.jar (128/142 kB) | quarkus-vertx-http-deployment-1.4.2.Final.jar (22 kB) | arc-processor-1.4.2.Final.jar (16/310 kB)Progress (3): quarkus-arc-deployment-1.4.2.Final.jar (128/142 kB) | quarkus-vertx-http-deployment-1.4.2.Final.jar (22 kB) | arc-processor-1.4.2.Final.jar (20/310 kB)Progress (3): quarkus-arc-deployment-1.4.2.Final.jar (128/142 kB) | quarkus-vertx-http-deployment-1.4.2.Final.jar (22 kB) | arc-processor-1.4.2.Final.jar (25/310 kB)Progress (3): quarkus-arc-deployment-1.4.2.Final.jar (128/142 kB) | quarkus-vertx-http-deployment-1.4.2.Final.jar (22 kB) | arc-processor-1.4.2.Final.jar (29/310 kB)Progress (3): quarkus-arc-deployment-1.4.2.Final.jar (128/142 kB) | quarkus-vertx-http-deployment-1.4.2.Final.jar (22 kB) | arc-processor-1.4.2.Final.jar (33/310 kB)Progress (3): quarkus-arc-deployment-1.4.2.Final.jar (133/142 kB) | quarkus-vertx-http-deployment-1.4.2.Final.jar (22 kB) | arc-processor-1.4.2.Final.jar (33/310 kB)Progress (3): quarkus-arc-deployment-1.4.2.Final.jar (133/142 kB) | quarkus-vertx-http-deployment-1.4.2.Final.jar (22 kB) | arc-processor-1.4.2.Final.jar (37/310 kB)Progress (3): quarkus-arc-deployment-1.4.2.Final.jar (137/142 kB) | quarkus-vertx-http-deployment-1.4.2.Final.jar (22 kB) | arc-processor-1.4.2.Final.jar (37/310 kB)Progress (3): quarkus-arc-deployment-1.4.2.Final.jar (137/142 kB) | quarkus-vertx-http-deployment-1.4.2.Final.jar (22 kB) | arc-processor-1.4.2.Final.jar (41/310 kB)Progress (3): quarkus-arc-deployment-1.4.2.Final.jar (137/142 kB) | quarkus-vertx-http-deployment-1.4.2.Final.jar (22 kB) | arc-processor-1.4.2.Final.jar (45/310 kB)Progress (3): quarkus-arc-deployment-1.4.2.Final.jar (137/142 kB) | quarkus-vertx-http-deployment-1.4.2.Final.jar (22 kB) | arc-processor-1.4.2.Final.jar (49/310 kB)Progress (3): quarkus-arc-deployment-1.4.2.Final.jar (137/142 kB) | quarkus-vertx-http-deployment-1.4.2.Final.jar (22 kB) | arc-processor-1.4.2.Final.jar (53/310 kB)Progress (3): quarkus-arc-deployment-1.4.2.Final.jar (137/142 kB) | quarkus-vertx-http-deployment-1.4.2.Final.jar (22 kB) | arc-processor-1.4.2.Final.jar (57/310 kB)Progress (3): quarkus-arc-deployment-1.4.2.Final.jar (141/142 kB) | quarkus-vertx-http-deployment-1.4.2.Final.jar (22 kB) | arc-processor-1.4.2.Final.jar (57/310 kB)Progress (3): quarkus-arc-deployment-1.4.2.Final.jar (141/142 kB) | quarkus-vertx-http-deployment-1.4.2.Final.jar (22 kB) | arc-processor-1.4.2.Final.jar (61/310 kB)Progress (4): quarkus-arc-deployment-1.4.2.Final.jar (141/142 kB) | quarkus-vertx-http-deployment-1.4.2.Final.jar (22 kB) | arc-processor-1.4.2.Final.jar (61/310 kB) | svm-19.3.1.jar (0.1/10 MB)Progress (4): quarkus-arc-deployment-1.4.2.Final.jar (141/142 kB) | quarkus-vertx-http-deployment-1.4.2.Final.jar (22 kB) | arc-processor-1.4.2.Final.jar (66/310 kB) | svm-19.3.1.jar (0.1/10 MB)Progress (4): quarkus-arc-deployment-1.4.2.Final.jar (142 kB) | quarkus-vertx-http-deployment-1.4.2.Final.jar (22 kB) | arc-processor-1.4.2.Final.jar (66/310 kB) | svm-19.3.1.jar (0.1/10 MB)    Progress (4): quarkus-arc-deployment-1.4.2.Final.jar (142 kB) | quarkus-vertx-http-deployment-1.4.2.Final.jar (22 kB) | arc-processor-1.4.2.Final.jar (70/310 kB) | svm-19.3.1.jar (0.1/10 MB)Progress (4): quarkus-arc-deployment-1.4.2.Final.jar (142 kB) | quarkus-vertx-http-deployment-1.4.2.Final.jar (22 kB) | arc-processor-1.4.2.Final.jar (74/310 kB) | svm-19.3.1.jar (0.1/10 MB)Progress (4): quarkus-arc-deployment-1.4.2.Final.jar (142 kB) | quarkus-vertx-http-deployment-1.4.2.Final.jar (22 kB) | arc-processor-1.4.2.Final.jar (78/310 kB) | svm-19.3.1.jar (0.1/10 MB)Progress (4): quarkus-arc-deployment-1.4.2.Final.jar (142 kB) | quarkus-vertx-http-deployment-1.4.2.Final.jar (22 kB) | arc-processor-1.4.2.Final.jar (82/310 kB) | svm-19.3.1.jar (0.1/10 MB)Progress (4): quarkus-arc-deployment-1.4.2.Final.jar (142 kB) | quarkus-vertx-http-deployment-1.4.2.Final.jar (22 kB) | arc-processor-1.4.2.Final.jar (86/310 kB) | svm-19.3.1.jar (0.1/10 MB)Progress (4): quarkus-arc-deployment-1.4.2.Final.jar (142 kB) | quarkus-vertx-http-deployment-1.4.2.Final.jar (22 kB) | arc-processor-1.4.2.Final.jar (90/310 kB) | svm-19.3.1.jar (0.1/10 MB)Progress (4): quarkus-arc-deployment-1.4.2.Final.jar (142 kB) | quarkus-vertx-http-deployment-1.4.2.Final.jar (22 kB) | arc-processor-1.4.2.Final.jar (94/310 kB) | svm-19.3.1.jar (0.1/10 MB)Progress (4): quarkus-arc-deployment-1.4.2.Final.jar (142 kB) | quarkus-vertx-http-deployment-1.4.2.Final.jar (22 kB) | arc-processor-1.4.2.Final.jar (98/310 kB) | svm-19.3.1.jar (0.1/10 MB)Progress (4): quarkus-arc-deployment-1.4.2.Final.jar (142 kB) | quarkus-vertx-http-deployment-1.4.2.Final.jar (22 kB) | arc-processor-1.4.2.Final.jar (102/310 kB) | svm-19.3.1.jar (0.1/10 MB)Progress (4): quarkus-arc-deployment-1.4.2.Final.jar (142 kB) | quarkus-vertx-http-deployment-1.4.2.Final.jar (22 kB) | arc-processor-1.4.2.Final.jar (106/310 kB) | svm-19.3.1.jar (0.1/10 MB)Progress (4): quarkus-arc-deployment-1.4.2.Final.jar (142 kB) | quarkus-vertx-http-deployment-1.4.2.Final.jar (22 kB) | arc-processor-1.4.2.Final.jar (111/310 kB) | svm-19.3.1.jar (0.1/10 MB)Progress (4): quarkus-arc-deployment-1.4.2.Final.jar (142 kB) | quarkus-vertx-http-deployment-1.4.2.Final.jar (22 kB) | arc-processor-1.4.2.Final.jar (115/310 kB) | svm-19.3.1.jar (0.1/10 MB)Progress (4): quarkus-arc-deployment-1.4.2.Final.jar (142 kB) | quarkus-vertx-http-deployment-1.4.2.Final.jar (22 kB) | arc-processor-1.4.2.Final.jar (119/310 kB) | svm-19.3.1.jar (0.1/10 MB)Progress (4): quarkus-arc-deployment-1.4.2.Final.jar (142 kB) | quarkus-vertx-http-deployment-1.4.2.Final.jar (22 kB) | arc-processor-1.4.2.Final.jar (119/310 kB) | svm-19.3.1.jar (0.1/10 MB)Progress (5): quarkus-arc-deployment-1.4.2.Final.jar (142 kB) | quarkus-vertx-http-deployment-1.4.2.Final.jar (22 kB) | arc-processor-1.4.2.Final.jar (119/310 kB) | svm-19.3.1.jar (0.1/10 MB) | quarkus-security-spi-1.4.2.Final.jar (2.7/3.3 kB)Progress (5): quarkus-arc-deployment-1.4.2.Final.jar (142 kB) | quarkus-vertx-http-deployment-1.4.2.Final.jar (22 kB) | arc-processor-1.4.2.Final.jar (119/310 kB) | svm-19.3.1.jar (0.1/10 MB) | quarkus-security-spi-1.4.2.Final.jar (3.3 kB)    Progress (5): quarkus-arc-deployment-1.4.2.Final.jar (142 kB) | quarkus-vertx-http-deployment-1.4.2.Final.jar (22 kB) | arc-processor-1.4.2.Final.jar (123/310 kB) | svm-19.3.1.jar (0.1/10 MB) | quarkus-security-spi-1.4.2.Final.jar (3.3 kB)Progress (5): quarkus-arc-deployment-1.4.2.Final.jar (142 kB) | quarkus-vertx-http-deployment-1.4.2.Final.jar (22 kB) | arc-processor-1.4.2.Final.jar (127/310 kB) | svm-19.3.1.jar (0.1/10 MB) | quarkus-security-spi-1.4.2.Final.jar (3.3 kB)Progress (5): quarkus-arc-deployment-1.4.2.Final.jar (142 kB) | quarkus-vertx-http-deployment-1.4.2.Final.jar (22 kB) | arc-processor-1.4.2.Final.jar (131/310 kB) | svm-19.3.1.jar (0.1/10 MB) | quarkus-security-spi-1.4.2.Final.jar (3.3 kB)                                                                                                                                                                                                                                               Downloaded from central: https://repo.maven.apache.org/maven2/io/quarkus/quarkus-arc-deployment/1.4.2.Final/quarkus-arc-deployment-1.4.2.Final.jar (142 kB at 369 kB/s)
Progress (4): quarkus-vertx-http-deployment-1.4.2.Final.jar (22 kB) | arc-processor-1.4.2.Final.jar (135/310 kB) | svm-19.3.1.jar (0.1/10 MB) | quarkus-security-spi-1.4.2.Final.jar (3.3 kB)                                                                                                                                                                                             Downloading from central: https://repo.maven.apache.org/maven2/io/quarkus/quarkus-resteasy-deployment/1.4.2.Final/quarkus-resteasy-deployment-1.4.2.Final.jar
Progress (4): quarkus-vertx-http-deployment-1.4.2.Final.jar (22 kB) | arc-processor-1.4.2.Final.jar (139/310 kB) | svm-19.3.1.jar (0.1/10 MB) | quarkus-security-spi-1.4.2.Final.jar (3.3 kB)Progress (4): quarkus-vertx-http-deployment-1.4.2.Final.jar (22 kB) | arc-processor-1.4.2.Final.jar (143/310 kB) | svm-19.3.1.jar (0.1/10 MB) | quarkus-security-spi-1.4.2.Final.jar (3.3 kB)Progress (4): quarkus-vertx-http-deployment-1.4.2.Final.jar (22 kB) | arc-processor-1.4.2.Final.jar (147/310 kB) | svm-19.3.1.jar (0.1/10 MB) | quarkus-security-spi-1.4.2.Final.jar (3.3 kB)Progress (4): quarkus-vertx-http-deployment-1.4.2.Final.jar (22 kB) | arc-processor-1.4.2.Final.jar (152/310 kB) | svm-19.3.1.jar (0.1/10 MB) | quarkus-security-spi-1.4.2.Final.jar (3.3 kB)Progress (4): quarkus-vertx-http-deployment-1.4.2.Final.jar (22 kB) | arc-processor-1.4.2.Final.jar (152/310 kB) | svm-19.3.1.jar (0.2/10 MB) | quarkus-security-spi-1.4.2.Final.jar (3.3 kB)                                                                                                                                                                                             Downloaded from central: https://repo.maven.apache.org/maven2/io/quarkus/quarkus-vertx-http-deployment/1.4.2.Final/quarkus-vertx-http-deployment-1.4.2.Final.jar (22 kB at 50 kB/s)
Downloading from central: https://repo.maven.apache.org/maven2/io/quarkus/quarkus-undertow-websockets-deployment/1.4.2.Final/quarkus-undertow-websockets-deployment-1.4.2.Final.jar
Progress (3): arc-processor-1.4.2.Final.jar (156/310 kB) | svm-19.3.1.jar (0.2/10 MB) | quarkus-security-spi-1.4.2.Final.jar (3.3 kB)Progress (3): arc-processor-1.4.2.Final.jar (160/310 kB) | svm-19.3.1.jar (0.2/10 MB) | quarkus-security-spi-1.4.2.Final.jar (3.3 kB)Progress (3): arc-processor-1.4.2.Final.jar (164/310 kB) | svm-19.3.1.jar (0.2/10 MB) | quarkus-security-spi-1.4.2.Final.jar (3.3 kB)Progress (3): arc-processor-1.4.2.Final.jar (168/310 kB) | svm-19.3.1.jar (0.2/10 MB) | quarkus-security-spi-1.4.2.Final.jar (3.3 kB)Progress (3): arc-processor-1.4.2.Final.jar (172/310 kB) | svm-19.3.1.jar (0.2/10 MB) | quarkus-security-spi-1.4.2.Final.jar (3.3 kB)Progress (3): arc-processor-1.4.2.Final.jar (172/310 kB) | svm-19.3.1.jar (0.2/10 MB) | quarkus-security-spi-1.4.2.Final.jar (3.3 kB)Progress (3): arc-processor-1.4.2.Final.jar (176/310 kB) | svm-19.3.1.jar (0.2/10 MB) | quarkus-security-spi-1.4.2.Final.jar (3.3 kB)Progress (3): arc-processor-1.4.2.Final.jar (180/310 kB) | svm-19.3.1.jar (0.2/10 MB) | quarkus-security-spi-1.4.2.Final.jar (3.3 kB)Progress (3): arc-processor-1.4.2.Final.jar (184/310 kB) | svm-19.3.1.jar (0.2/10 MB) | quarkus-security-spi-1.4.2.Final.jar (3.3 kB)Progress (3): arc-processor-1.4.2.Final.jar (188/310 kB) | svm-19.3.1.jar (0.2/10 MB) | quarkus-security-spi-1.4.2.Final.jar (3.3 kB)Progress (3): arc-processor-1.4.2.Final.jar (193/310 kB) | svm-19.3.1.jar (0.2/10 MB) | quarkus-security-spi-1.4.2.Final.jar (3.3 kB)Progress (3): arc-processor-1.4.2.Final.jar (197/310 kB) | svm-19.3.1.jar (0.2/10 MB) | quarkus-security-spi-1.4.2.Final.jar (3.3 kB)Progress (3): arc-processor-1.4.2.Final.jar (197/310 kB) | svm-19.3.1.jar (0.3/10 MB) | quarkus-security-spi-1.4.2.Final.jar (3.3 kB)Progress (3): arc-processor-1.4.2.Final.jar (201/310 kB) | svm-19.3.1.jar (0.3/10 MB) | quarkus-security-spi-1.4.2.Final.jar (3.3 kB)Progress (3): arc-processor-1.4.2.Final.jar (205/310 kB) | svm-19.3.1.jar (0.3/10 MB) | quarkus-security-spi-1.4.2.Final.jar (3.3 kB)Progress (3): arc-processor-1.4.2.Final.jar (209/310 kB) | svm-19.3.1.jar (0.3/10 MB) | quarkus-security-spi-1.4.2.Final.jar (3.3 kB)Progress (3): arc-processor-1.4.2.Final.jar (213/310 kB) | svm-19.3.1.jar (0.3/10 MB) | quarkus-security-spi-1.4.2.Final.jar (3.3 kB)Progress (3): arc-processor-1.4.2.Final.jar (217/310 kB) | svm-19.3.1.jar (0.3/10 MB) | quarkus-security-spi-1.4.2.Final.jar (3.3 kB)Progress (3): arc-processor-1.4.2.Final.jar (221/310 kB) | svm-19.3.1.jar (0.3/10 MB) | quarkus-security-spi-1.4.2.Final.jar (3.3 kB)Progress (3): arc-processor-1.4.2.Final.jar (225/310 kB) | svm-19.3.1.jar (0.3/10 MB) | quarkus-security-spi-1.4.2.Final.jar (3.3 kB)Progress (3): arc-processor-1.4.2.Final.jar (229/310 kB) | svm-19.3.1.jar (0.3/10 MB) | quarkus-security-spi-1.4.2.Final.jar (3.3 kB)Progress (3): arc-processor-1.4.2.Final.jar (229/310 kB) | svm-19.3.1.jar (0.3/10 MB) | quarkus-security-spi-1.4.2.Final.jar (3.3 kB)Progress (3): arc-processor-1.4.2.Final.jar (233/310 kB) | svm-19.3.1.jar (0.3/10 MB) | quarkus-security-spi-1.4.2.Final.jar (3.3 kB)Progress (3): arc-processor-1.4.2.Final.jar (238/310 kB) | svm-19.3.1.jar (0.3/10 MB) | quarkus-security-spi-1.4.2.Final.jar (3.3 kB)Progress (3): arc-processor-1.4.2.Final.jar (242/310 kB) | svm-19.3.1.jar (0.3/10 MB) | quarkus-security-spi-1.4.2.Final.jar (3.3 kB)Progress (3): arc-processor-1.4.2.Final.jar (246/310 kB) | svm-19.3.1.jar (0.3/10 MB) | quarkus-security-spi-1.4.2.Final.jar (3.3 kB)Progress (3): arc-processor-1.4.2.Final.jar (250/310 kB) | svm-19.3.1.jar (0.3/10 MB) | quarkus-security-spi-1.4.2.Final.jar (3.3 kB)                                                                                                                                     Downloaded from central: https://repo.maven.apache.org/maven2/io/quarkus/quarkus-security-spi/1.4.2.Final/quarkus-security-spi-1.4.2.Final.jar (3.3 kB at 7.0 kB/s)
Downloading from central: https://repo.maven.apache.org/maven2/io/quarkus/quarkus-resteasy-common-spi/1.4.2.Final/quarkus-resteasy-common-spi-1.4.2.Final.jar
Progress (2): arc-processor-1.4.2.Final.jar (254/310 kB) | svm-19.3.1.jar (0.3/10 MB)Progress (2): arc-processor-1.4.2.Final.jar (258/310 kB) | svm-19.3.1.jar (0.3/10 MB)Progress (2): arc-processor-1.4.2.Final.jar (262/310 kB) | svm-19.3.1.jar (0.3/10 MB)Progress (2): arc-processor-1.4.2.Final.jar (262/310 kB) | svm-19.3.1.jar (0.4/10 MB)Progress (2): arc-processor-1.4.2.Final.jar (266/310 kB) | svm-19.3.1.jar (0.4/10 MB)Progress (2): arc-processor-1.4.2.Final.jar (270/310 kB) | svm-19.3.1.jar (0.4/10 MB)Progress (2): arc-processor-1.4.2.Final.jar (274/310 kB) | svm-19.3.1.jar (0.4/10 MB)Progress (2): arc-processor-1.4.2.Final.jar (279/310 kB) | svm-19.3.1.jar (0.4/10 MB)Progress (2): arc-processor-1.4.2.Final.jar (283/310 kB) | svm-19.3.1.jar (0.4/10 MB)Progress (2): arc-processor-1.4.2.Final.jar (287/310 kB) | svm-19.3.1.jar (0.4/10 MB)Progress (2): arc-processor-1.4.2.Final.jar (291/310 kB) | svm-19.3.1.jar (0.4/10 MB)Progress (2): arc-processor-1.4.2.Final.jar (295/310 kB) | svm-19.3.1.jar (0.4/10 MB)Progress (2): arc-processor-1.4.2.Final.jar (295/310 kB) | svm-19.3.1.jar (0.4/10 MB)Progress (2): arc-processor-1.4.2.Final.jar (299/310 kB) | svm-19.3.1.jar (0.4/10 MB)Progress (2): arc-processor-1.4.2.Final.jar (303/310 kB) | svm-19.3.1.jar (0.4/10 MB)Progress (2): arc-processor-1.4.2.Final.jar (307/310 kB) | svm-19.3.1.jar (0.4/10 MB)Progress (2): arc-processor-1.4.2.Final.jar (310 kB) | svm-19.3.1.jar (0.4/10 MB)    Progress (3): arc-processor-1.4.2.Final.jar (310 kB) | svm-19.3.1.jar (0.4/10 MB) | quarkus-resteasy-deployment-1.4.2.Final.jar (4.1/22 kB)Progress (3): arc-processor-1.4.2.Final.jar (310 kB) | svm-19.3.1.jar (0.4/10 MB) | quarkus-resteasy-deployment-1.4.2.Final.jar (8.2/22 kB)Progress (3): arc-processor-1.4.2.Final.jar (310 kB) | svm-19.3.1.jar (0.4/10 MB) | quarkus-resteasy-deployment-1.4.2.Final.jar (12/22 kB) Progress (3): arc-processor-1.4.2.Final.jar (310 kB) | svm-19.3.1.jar (0.4/10 MB) | quarkus-resteasy-deployment-1.4.2.Final.jar (16/22 kB)Progress (3): arc-processor-1.4.2.Final.jar (310 kB) | svm-19.3.1.jar (0.4/10 MB) | quarkus-resteasy-deployment-1.4.2.Final.jar (20/22 kB)Progress (3): arc-processor-1.4.2.Final.jar (310 kB) | svm-19.3.1.jar (0.4/10 MB) | quarkus-resteasy-deployment-1.4.2.Final.jar (22 kB)   Progress (3): arc-processor-1.4.2.Final.jar (310 kB) | svm-19.3.1.jar (0.5/10 MB) | quarkus-resteasy-deployment-1.4.2.Final.jar (22 kB)Progress (3): arc-processor-1.4.2.Final.jar (310 kB) | svm-19.3.1.jar (0.5/10 MB) | quarkus-resteasy-deployment-1.4.2.Final.jar (22 kB)Progress (3): arc-processor-1.4.2.Final.jar (310 kB) | svm-19.3.1.jar (0.6/10 MB) | quarkus-resteasy-deployment-1.4.2.Final.jar (22 kB)                                                                                                                                       Downloaded from central: https://repo.maven.apache.org/maven2/io/quarkus/arc/arc-processor/1.4.2.Final/arc-processor-1.4.2.Final.jar (310 kB at 579 kB/s)
Downloading from central: https://repo.maven.apache.org/maven2/io/quarkus/quarkus-resteasy-common-deployment/1.4.2.Final/quarkus-resteasy-common-deployment-1.4.2.Final.jar
Progress (3): svm-19.3.1.jar (0.6/10 MB) | quarkus-resteasy-deployment-1.4.2.Final.jar (22 kB) | quarkus-undertow-websockets-deployment-1.4.2.Final.jar (2.7/12 kB)Progress (3): svm-19.3.1.jar (0.6/10 MB) | quarkus-resteasy-deployment-1.4.2.Final.jar (22 kB) | quarkus-undertow-websockets-deployment-1.4.2.Final.jar (5.5/12 kB)Progress (3): svm-19.3.1.jar (0.6/10 MB) | quarkus-resteasy-deployment-1.4.2.Final.jar (22 kB) | quarkus-undertow-websockets-deployment-1.4.2.Final.jar (8.2/12 kB)Progress (3): svm-19.3.1.jar (0.6/10 MB) | quarkus-resteasy-deployment-1.4.2.Final.jar (22 kB) | quarkus-undertow-websockets-deployment-1.4.2.Final.jar (11/12 kB) Progress (3): svm-19.3.1.jar (0.6/10 MB) | quarkus-resteasy-deployment-1.4.2.Final.jar (22 kB) | quarkus-undertow-websockets-deployment-1.4.2.Final.jar (12 kB)   Progress (3): svm-19.3.1.jar (0.6/10 MB) | quarkus-resteasy-deployment-1.4.2.Final.jar (22 kB) | quarkus-undertow-websockets-deployment-1.4.2.Final.jar (12 kB)Progress (3): svm-19.3.1.jar (0.6/10 MB) | quarkus-resteasy-deployment-1.4.2.Final.jar (22 kB) | quarkus-undertow-websockets-deployment-1.4.2.Final.jar (12 kB)Progress (4): svm-19.3.1.jar (0.6/10 MB) | quarkus-resteasy-deployment-1.4.2.Final.jar (22 kB) | quarkus-undertow-websockets-deployment-1.4.2.Final.jar (12 kB) | quarkus-resteasy-common-deployment-1.4.2.Final.jar (2.7/25 kB)Progress (4): svm-19.3.1.jar (0.6/10 MB) | quarkus-resteasy-deployment-1.4.2.Final.jar (22 kB) | quarkus-undertow-websockets-deployment-1.4.2.Final.jar (12 kB) | quarkus-resteasy-common-deployment-1.4.2.Final.jar (5.5/25 kB)Progress (4): svm-19.3.1.jar (0.6/10 MB) | quarkus-resteasy-deployment-1.4.2.Final.jar (22 kB) | quarkus-undertow-websockets-deployment-1.4.2.Final.jar (12 kB) | quarkus-resteasy-common-deployment-1.4.2.Final.jar (8.2/25 kB)Progress (4): svm-19.3.1.jar (0.7/10 MB) | quarkus-resteasy-deployment-1.4.2.Final.jar (22 kB) | quarkus-undertow-websockets-deployment-1.4.2.Final.jar (12 kB) | quarkus-resteasy-common-deployment-1.4.2.Final.jar (8.2/25 kB)Progress (4): svm-19.3.1.jar (0.7/10 MB) | quarkus-resteasy-deployment-1.4.2.Final.jar (22 kB) | quarkus-undertow-websockets-deployment-1.4.2.Final.jar (12 kB) | quarkus-resteasy-common-deployment-1.4.2.Final.jar (11/25 kB) Progress (4): svm-19.3.1.jar (0.7/10 MB) | quarkus-resteasy-deployment-1.4.2.Final.jar (22 kB) | quarkus-undertow-websockets-deployment-1.4.2.Final.jar (12 kB) | quarkus-resteasy-common-deployment-1.4.2.Final.jar (14/25 kB)Progress (4): svm-19.3.1.jar (0.7/10 MB) | quarkus-resteasy-deployment-1.4.2.Final.jar (22 kB) | quarkus-undertow-websockets-deployment-1.4.2.Final.jar (12 kB) | quarkus-resteasy-common-deployment-1.4.2.Final.jar (16/25 kB)Progress (4): svm-19.3.1.jar (0.7/10 MB) | quarkus-resteasy-deployment-1.4.2.Final.jar (22 kB) | quarkus-undertow-websockets-deployment-1.4.2.Final.jar (12 kB) | quarkus-resteasy-common-deployment-1.4.2.Final.jar (19/25 kB)Progress (4): svm-19.3.1.jar (0.7/10 MB) | quarkus-resteasy-deployment-1.4.2.Final.jar (22 kB) | quarkus-undertow-websockets-deployment-1.4.2.Final.jar (12 kB) | quarkus-resteasy-common-deployment-1.4.2.Final.jar (22/25 kB)Progress (5): svm-19.3.1.jar (0.7/10 MB) | quarkus-resteasy-deployment-1.4.2.Final.jar (22 kB) | quarkus-undertow-websockets-deployment-1.4.2.Final.jar (12 kB) | quarkus-resteasy-common-deployment-1.4.2.Final.jar (22/25 kB) | quarkus-resteasy-common-spi-1.4.2.Final.jar (2.7/3.4 kB)Progress (5): svm-19.3.1.jar (0.7/10 MB) | quarkus-resteasy-deployment-1.4.2.Final.jar (22 kB) | quarkus-undertow-websockets-deployment-1.4.2.Final.jar (12 kB) | quarkus-resteasy-common-deployment-1.4.2.Final.jar (25 kB) | quarkus-resteasy-common-spi-1.4.2.Final.jar (2.7/3.4 kB)   Progress (5): svm-19.3.1.jar (0.7/10 MB) | quarkus-resteasy-deployment-1.4.2.Final.jar (22 kB) | quarkus-undertow-websockets-deployment-1.4.2.Final.jar (12 kB) | quarkus-resteasy-common-deployment-1.4.2.Final.jar (25 kB) | quarkus-resteasy-common-spi-1.4.2.Final.jar (3.4 kB)    Progress (5): svm-19.3.1.jar (0.7/10 MB) | quarkus-resteasy-deployment-1.4.2.Final.jar (22 kB) | quarkus-undertow-websockets-deployment-1.4.2.Final.jar (12 kB) | quarkus-resteasy-common-deployment-1.4.2.Final.jar (25 kB) | quarkus-resteasy-common-spi-1.4.2.Final.jar (3.4 kB)Progress (5): svm-19.3.1.jar (0.8/10 MB) | quarkus-resteasy-deployment-1.4.2.Final.jar (22 kB) | quarkus-undertow-websockets-deployment-1.4.2.Final.jar (12 kB) | quarkus-resteasy-common-deployment-1.4.2.Final.jar (25 kB) | quarkus-resteasy-common-spi-1.4.2.Final.jar (3.4 kB)Progress (5): svm-19.3.1.jar (0.8/10 MB) | quarkus-resteasy-deployment-1.4.2.Final.jar (22 kB) | quarkus-undertow-websockets-deployment-1.4.2.Final.jar (12 kB) | quarkus-resteasy-common-deployment-1.4.2.Final.jar (25 kB) | quarkus-resteasy-common-spi-1.4.2.Final.jar (3.4 kB)                                                                                                                                                                                                                                                                                   Downloaded from central: https://repo.maven.apache.org/maven2/io/quarkus/quarkus-resteasy-deployment/1.4.2.Final/quarkus-resteasy-deployment-1.4.2.Final.jar (22 kB at 35 kB/s)
Downloading from central: https://repo.maven.apache.org/maven2/io/quarkus/quarkus-rest-client-deployment/1.4.2.Final/quarkus-rest-client-deployment-1.4.2.Final.jar
Progress (4): svm-19.3.1.jar (0.9/10 MB) | quarkus-undertow-websockets-deployment-1.4.2.Final.jar (12 kB) | quarkus-resteasy-common-deployment-1.4.2.Final.jar (25 kB) | quarkus-resteasy-common-spi-1.4.2.Final.jar (3.4 kB)Progress (4): svm-19.3.1.jar (0.9/10 MB) | quarkus-undertow-websockets-deployment-1.4.2.Final.jar (12 kB) | quarkus-resteasy-common-deployment-1.4.2.Final.jar (25 kB) | quarkus-resteasy-common-spi-1.4.2.Final.jar (3.4 kB)Progress (4): svm-19.3.1.jar (1.0/10 MB) | quarkus-undertow-websockets-deployment-1.4.2.Final.jar (12 kB) | quarkus-resteasy-common-deployment-1.4.2.Final.jar (25 kB) | quarkus-resteasy-common-spi-1.4.2.Final.jar (3.4 kB)Progress (4): svm-19.3.1.jar (1.0/10 MB) | quarkus-undertow-websockets-deployment-1.4.2.Final.jar (12 kB) | quarkus-resteasy-common-deployment-1.4.2.Final.jar (25 kB) | quarkus-resteasy-common-spi-1.4.2.Final.jar (3.4 kB)Progress (4): svm-19.3.1.jar (1.1/10 MB) | quarkus-undertow-websockets-deployment-1.4.2.Final.jar (12 kB) | quarkus-resteasy-common-deployment-1.4.2.Final.jar (25 kB) | quarkus-resteasy-common-spi-1.4.2.Final.jar (3.4 kB)Progress (4): svm-19.3.1.jar (1.1/10 MB) | quarkus-undertow-websockets-deployment-1.4.2.Final.jar (12 kB) | quarkus-resteasy-common-deployment-1.4.2.Final.jar (25 kB) | quarkus-resteasy-common-spi-1.4.2.Final.jar (3.4 kB)Progress (4): svm-19.3.1.jar (1.2/10 MB) | quarkus-undertow-websockets-deployment-1.4.2.Final.jar (12 kB) | quarkus-resteasy-common-deployment-1.4.2.Final.jar (25 kB) | quarkus-resteasy-common-spi-1.4.2.Final.jar (3.4 kB)                                                                                                                                                                                                                             Downloaded from central: https://repo.maven.apache.org/maven2/io/quarkus/quarkus-resteasy-common-deployment/1.4.2.Final/quarkus-resteasy-common-deployment-1.4.2.Final.jar (25 kB at 38 kB/s)
Downloading from central: https://repo.maven.apache.org/maven2/io/quarkus/quarkus-resteasy-jsonb-deployment/1.4.2.Final/quarkus-resteasy-jsonb-deployment-1.4.2.Final.jar
Progress (3): svm-19.3.1.jar (1.2/10 MB) | quarkus-undertow-websockets-deployment-1.4.2.Final.jar (12 kB) | quarkus-resteasy-common-spi-1.4.2.Final.jar (3.4 kB)                                                                                                                                                                Downloaded from central: https://repo.maven.apache.org/maven2/io/quarkus/quarkus-resteasy-common-spi/1.4.2.Final/quarkus-resteasy-common-spi-1.4.2.Final.jar (3.4 kB at 4.9 kB/s)
Downloading from central: https://repo.maven.apache.org/maven2/io/quarkus/quarkus-kubernetes-spi/1.4.2.Final/quarkus-kubernetes-spi-1.4.2.Final.jar
Progress (2): svm-19.3.1.jar (1.3/10 MB) | quarkus-undertow-websockets-deployment-1.4.2.Final.jar (12 kB)                                                                                                         Downloaded from central: https://repo.maven.apache.org/maven2/io/quarkus/quarkus-undertow-websockets-deployment/1.4.2.Final/quarkus-undertow-websockets-deployment-1.4.2.Final.jar (12 kB at 17 kB/s)
Downloading from central: https://repo.maven.apache.org/maven2/org/jboss/metadata/jboss-metadata-common/11.0.0.Final/jboss-metadata-common-11.0.0.Final.jar
Progress (1): svm-19.3.1.jar (1.3/10 MB)Progress (1): svm-19.3.1.jar (1.4/10 MB)Progress (2): svm-19.3.1.jar (1.4/10 MB) | quarkus-rest-client-deployment-1.4.2.Final.jar (4.1/14 kB)Progress (2): svm-19.3.1.jar (1.4/10 MB) | quarkus-rest-client-deployment-1.4.2.Final.jar (8.2/14 kB)Progress (2): svm-19.3.1.jar (1.4/10 MB) | quarkus-rest-client-deployment-1.4.2.Final.jar (12/14 kB) Progress (2): svm-19.3.1.jar (1.4/10 MB) | quarkus-rest-client-deployment-1.4.2.Final.jar (12/14 kB)Progress (2): svm-19.3.1.jar (1.4/10 MB) | quarkus-rest-client-deployment-1.4.2.Final.jar (14 kB)   Progress (3): svm-19.3.1.jar (1.4/10 MB) | quarkus-rest-client-deployment-1.4.2.Final.jar (14 kB) | jboss-metadata-common-11.0.0.Final.jar (4.1/475 kB)Progress (3): svm-19.3.1.jar (1.4/10 MB) | quarkus-rest-client-deployment-1.4.2.Final.jar (14 kB) | jboss-metadata-common-11.0.0.Final.jar (8.2/475 kB)Progress (3): svm-19.3.1.jar (1.4/10 MB) | quarkus-rest-client-deployment-1.4.2.Final.jar (14 kB) | jboss-metadata-common-11.0.0.Final.jar (12/475 kB) Progress (3): svm-19.3.1.jar (1.4/10 MB) | quarkus-rest-client-deployment-1.4.2.Final.jar (14 kB) | jboss-metadata-common-11.0.0.Final.jar (16/475 kB)Progress (3): svm-19.3.1.jar (1.4/10 MB) | quarkus-rest-client-deployment-1.4.2.Final.jar (14 kB) | jboss-metadata-common-11.0.0.Final.jar (20/475 kB)Progress (3): svm-19.3.1.jar (1.5/10 MB) | quarkus-rest-client-deployment-1.4.2.Final.jar (14 kB) | jboss-metadata-common-11.0.0.Final.jar (20/475 kB)Progress (3): svm-19.3.1.jar (1.5/10 MB) | quarkus-rest-client-deployment-1.4.2.Final.jar (14 kB) | jboss-metadata-common-11.0.0.Final.jar (25/475 kB)Progress (3): svm-19.3.1.jar (1.5/10 MB) | quarkus-rest-client-deployment-1.4.2.Final.jar (14 kB) | jboss-metadata-common-11.0.0.Final.jar (29/475 kB)Progress (3): svm-19.3.1.jar (1.5/10 MB) | quarkus-rest-client-deployment-1.4.2.Final.jar (14 kB) | jboss-metadata-common-11.0.0.Final.jar (33/475 kB)Progress (3): svm-19.3.1.jar (1.5/10 MB) | quarkus-rest-client-deployment-1.4.2.Final.jar (14 kB) | jboss-metadata-common-11.0.0.Final.jar (37/475 kB)Progress (3): svm-19.3.1.jar (1.5/10 MB) | quarkus-rest-client-deployment-1.4.2.Final.jar (14 kB) | jboss-metadata-common-11.0.0.Final.jar (41/475 kB)Progress (3): svm-19.3.1.jar (1.5/10 MB) | quarkus-rest-client-deployment-1.4.2.Final.jar (14 kB) | jboss-metadata-common-11.0.0.Final.jar (45/475 kB)Progress (3): svm-19.3.1.jar (1.5/10 MB) | quarkus-rest-client-deployment-1.4.2.Final.jar (14 kB) | jboss-metadata-common-11.0.0.Final.jar (49/475 kB)Progress (3): svm-19.3.1.jar (1.5/10 MB) | quarkus-rest-client-deployment-1.4.2.Final.jar (14 kB) | jboss-metadata-common-11.0.0.Final.jar (53/475 kB)Progress (3): svm-19.3.1.jar (1.5/10 MB) | quarkus-rest-client-deployment-1.4.2.Final.jar (14 kB) | jboss-metadata-common-11.0.0.Final.jar (57/475 kB)Progress (3): svm-19.3.1.jar (1.5/10 MB) | quarkus-rest-client-deployment-1.4.2.Final.jar (14 kB) | jboss-metadata-common-11.0.0.Final.jar (61/475 kB)Progress (3): svm-19.3.1.jar (1.5/10 MB) | quarkus-rest-client-deployment-1.4.2.Final.jar (14 kB) | jboss-metadata-common-11.0.0.Final.jar (61/475 kB)Progress (3): svm-19.3.1.jar (1.5/10 MB) | quarkus-rest-client-deployment-1.4.2.Final.jar (14 kB) | jboss-metadata-common-11.0.0.Final.jar (66/475 kB)Progress (3): svm-19.3.1.jar (1.5/10 MB) | quarkus-rest-client-deployment-1.4.2.Final.jar (14 kB) | jboss-metadata-common-11.0.0.Final.jar (70/475 kB)Progress (3): svm-19.3.1.jar (1.5/10 MB) | quarkus-rest-client-deployment-1.4.2.Final.jar (14 kB) | jboss-metadata-common-11.0.0.Final.jar (74/475 kB)Progress (3): svm-19.3.1.jar (1.5/10 MB) | quarkus-rest-client-deployment-1.4.2.Final.jar (14 kB) | jboss-metadata-common-11.0.0.Final.jar (78/475 kB)Progress (3): svm-19.3.1.jar (1.5/10 MB) | quarkus-rest-client-deployment-1.4.2.Final.jar (14 kB) | jboss-metadata-common-11.0.0.Final.jar (82/475 kB)Progress (3): svm-19.3.1.jar (1.5/10 MB) | quarkus-rest-client-deployment-1.4.2.Final.jar (14 kB) | jboss-metadata-common-11.0.0.Final.jar (86/475 kB)Progress (3): svm-19.3.1.jar (1.5/10 MB) | quarkus-rest-client-deployment-1.4.2.Final.jar (14 kB) | jboss-metadata-common-11.0.0.Final.jar (90/475 kB)Progress (3): svm-19.3.1.jar (1.5/10 MB) | quarkus-rest-client-deployment-1.4.2.Final.jar (14 kB) | jboss-metadata-common-11.0.0.Final.jar (94/475 kB)Progress (3): svm-19.3.1.jar (1.6/10 MB) | quarkus-rest-client-deployment-1.4.2.Final.jar (14 kB) | jboss-metadata-common-11.0.0.Final.jar (94/475 kB)Progress (3): svm-19.3.1.jar (1.6/10 MB) | quarkus-rest-client-deployment-1.4.2.Final.jar (14 kB) | jboss-metadata-common-11.0.0.Final.jar (98/475 kB)Progress (3): svm-19.3.1.jar (1.6/10 MB) | quarkus-rest-client-deployment-1.4.2.Final.jar (14 kB) | jboss-metadata-common-11.0.0.Final.jar (102/475 kB)Progress (3): svm-19.3.1.jar (1.6/10 MB) | quarkus-rest-client-deployment-1.4.2.Final.jar (14 kB) | jboss-metadata-common-11.0.0.Final.jar (106/475 kB)Progress (3): svm-19.3.1.jar (1.6/10 MB) | quarkus-rest-client-deployment-1.4.2.Final.jar (14 kB) | jboss-metadata-common-11.0.0.Final.jar (111/475 kB)Progress (3): svm-19.3.1.jar (1.6/10 MB) | quarkus-rest-client-deployment-1.4.2.Final.jar (14 kB) | jboss-metadata-common-11.0.0.Final.jar (115/475 kB)Progress (3): svm-19.3.1.jar (1.6/10 MB) | quarkus-rest-client-deployment-1.4.2.Final.jar (14 kB) | jboss-metadata-common-11.0.0.Final.jar (119/475 kB)Progress (3): svm-19.3.1.jar (1.6/10 MB) | quarkus-rest-client-deployment-1.4.2.Final.jar (14 kB) | jboss-metadata-common-11.0.0.Final.jar (123/475 kB)Progress (3): svm-19.3.1.jar (1.6/10 MB) | quarkus-rest-client-deployment-1.4.2.Final.jar (14 kB) | jboss-metadata-common-11.0.0.Final.jar (127/475 kB)Progress (4): svm-19.3.1.jar (1.6/10 MB) | quarkus-rest-client-deployment-1.4.2.Final.jar (14 kB) | jboss-metadata-common-11.0.0.Final.jar (127/475 kB) | quarkus-resteasy-jsonb-deployment-1.4.2.Final.jar (2.7/5.4 kB)Progress (4): svm-19.3.1.jar (1.6/10 MB) | quarkus-rest-client-deployment-1.4.2.Final.jar (14 kB) | jboss-metadata-common-11.0.0.Final.jar (131/475 kB) | quarkus-resteasy-jsonb-deployment-1.4.2.Final.jar (2.7/5.4 kB)Progress (4): svm-19.3.1.jar (1.6/10 MB) | quarkus-rest-client-deployment-1.4.2.Final.jar (14 kB) | jboss-metadata-common-11.0.0.Final.jar (131/475 kB) | quarkus-resteasy-jsonb-deployment-1.4.2.Final.jar (5.4 kB)    Progress (4): svm-19.3.1.jar (1.6/10 MB) | quarkus-rest-client-deployment-1.4.2.Final.jar (14 kB) | jboss-metadata-common-11.0.0.Final.jar (131/475 kB) | quarkus-resteasy-jsonb-deployment-1.4.2.Final.jar (5.4 kB)Progress (4): svm-19.3.1.jar (1.6/10 MB) | quarkus-rest-client-deployment-1.4.2.Final.jar (14 kB) | jboss-metadata-common-11.0.0.Final.jar (135/475 kB) | quarkus-resteasy-jsonb-deployment-1.4.2.Final.jar (5.4 kB)Progress (4): svm-19.3.1.jar (1.6/10 MB) | quarkus-rest-client-deployment-1.4.2.Final.jar (14 kB) | jboss-metadata-common-11.0.0.Final.jar (139/475 kB) | quarkus-resteasy-jsonb-deployment-1.4.2.Final.jar (5.4 kB)Progress (4): svm-19.3.1.jar (1.6/10 MB) | quarkus-rest-client-deployment-1.4.2.Final.jar (14 kB) | jboss-metadata-common-11.0.0.Final.jar (143/475 kB) | quarkus-resteasy-jsonb-deployment-1.4.2.Final.jar (5.4 kB)Progress (4): svm-19.3.1.jar (1.6/10 MB) | quarkus-rest-client-deployment-1.4.2.Final.jar (14 kB) | jboss-metadata-common-11.0.0.Final.jar (147/475 kB) | quarkus-resteasy-jsonb-deployment-1.4.2.Final.jar (5.4 kB)Progress (4): svm-19.3.1.jar (1.6/10 MB) | quarkus-rest-client-deployment-1.4.2.Final.jar (14 kB) | jboss-metadata-common-11.0.0.Final.jar (152/475 kB) | quarkus-resteasy-jsonb-deployment-1.4.2.Final.jar (5.4 kB)Progress (4): svm-19.3.1.jar (1.6/10 MB) | quarkus-rest-client-deployment-1.4.2.Final.jar (14 kB) | jboss-metadata-common-11.0.0.Final.jar (156/475 kB) | quarkus-resteasy-jsonb-deployment-1.4.2.Final.jar (5.4 kB)Progress (4): svm-19.3.1.jar (1.6/10 MB) | quarkus-rest-client-deployment-1.4.2.Final.jar (14 kB) | jboss-metadata-common-11.0.0.Final.jar (160/475 kB) | quarkus-resteasy-jsonb-deployment-1.4.2.Final.jar (5.4 kB)Progress (4): svm-19.3.1.jar (1.7/10 MB) | quarkus-rest-client-deployment-1.4.2.Final.jar (14 kB) | jboss-metadata-common-11.0.0.Final.jar (160/475 kB) | quarkus-resteasy-jsonb-deployment-1.4.2.Final.jar (5.4 kB)Progress (4): svm-19.3.1.jar (1.7/10 MB) | quarkus-rest-client-deployment-1.4.2.Final.jar (14 kB) | jboss-metadata-common-11.0.0.Final.jar (164/475 kB) | quarkus-resteasy-jsonb-deployment-1.4.2.Final.jar (5.4 kB)Progress (5): svm-19.3.1.jar (1.7/10 MB) | quarkus-rest-client-deployment-1.4.2.Final.jar (14 kB) | jboss-metadata-common-11.0.0.Final.jar (164/475 kB) | quarkus-resteasy-jsonb-deployment-1.4.2.Final.jar (5.4 kB) | quarkus-kubernetes-spi-1.4.2.Final.jar (4.1/8.1 kB)Progress (5): svm-19.3.1.jar (1.7/10 MB) | quarkus-rest-client-deployment-1.4.2.Final.jar (14 kB) | jboss-metadata-common-11.0.0.Final.jar (168/475 kB) | quarkus-resteasy-jsonb-deployment-1.4.2.Final.jar (5.4 kB) | quarkus-kubernetes-spi-1.4.2.Final.jar (4.1/8.1 kB)Progress (5): svm-19.3.1.jar (1.7/10 MB) | quarkus-rest-client-deployment-1.4.2.Final.jar (14 kB) | jboss-metadata-common-11.0.0.Final.jar (168/475 kB) | quarkus-resteasy-jsonb-deployment-1.4.2.Final.jar (5.4 kB) | quarkus-kubernetes-spi-1.4.2.Final.jar (8.1 kB)    Progress (5): svm-19.3.1.jar (1.7/10 MB) | quarkus-rest-client-deployment-1.4.2.Final.jar (14 kB) | jboss-metadata-common-11.0.0.Final.jar (172/475 kB) | quarkus-resteasy-jsonb-deployment-1.4.2.Final.jar (5.4 kB) | quarkus-kubernetes-spi-1.4.2.Final.jar (8.1 kB)Progress (5): svm-19.3.1.jar (1.7/10 MB) | quarkus-rest-client-deployment-1.4.2.Final.jar (14 kB) | jboss-metadata-common-11.0.0.Final.jar (176/475 kB) | quarkus-resteasy-jsonb-deployment-1.4.2.Final.jar (5.4 kB) | quarkus-kubernetes-spi-1.4.2.Final.jar (8.1 kB)Progress (5): svm-19.3.1.jar (1.7/10 MB) | quarkus-rest-client-deployment-1.4.2.Final.jar (14 kB) | jboss-metadata-common-11.0.0.Final.jar (180/475 kB) | quarkus-resteasy-jsonb-deployment-1.4.2.Final.jar (5.4 kB) | quarkus-kubernetes-spi-1.4.2.Final.jar (8.1 kB)Progress (5): svm-19.3.1.jar (1.7/10 MB) | quarkus-rest-client-deployment-1.4.2.Final.jar (14 kB) | jboss-metadata-common-11.0.0.Final.jar (184/475 kB) | quarkus-resteasy-jsonb-deployment-1.4.2.Final.jar (5.4 kB) | quarkus-kubernetes-spi-1.4.2.Final.jar (8.1 kB)Progress (5): svm-19.3.1.jar (1.7/10 MB) | quarkus-rest-client-deployment-1.4.2.Final.jar (14 kB) | jboss-metadata-common-11.0.0.Final.jar (188/475 kB) | quarkus-resteasy-jsonb-deployment-1.4.2.Final.jar (5.4 kB) | quarkus-kubernetes-spi-1.4.2.Final.jar (8.1 kB)Progress (5): svm-19.3.1.jar (1.7/10 MB) | quarkus-rest-client-deployment-1.4.2.Final.jar (14 kB) | jboss-metadata-common-11.0.0.Final.jar (193/475 kB) | quarkus-resteasy-jsonb-deployment-1.4.2.Final.jar (5.4 kB) | quarkus-kubernetes-spi-1.4.2.Final.jar (8.1 kB)Progress (5): svm-19.3.1.jar (1.7/10 MB) | quarkus-rest-client-deployment-1.4.2.Final.jar (14 kB) | jboss-metadata-common-11.0.0.Final.jar (197/475 kB) | quarkus-resteasy-jsonb-deployment-1.4.2.Final.jar (5.4 kB) | quarkus-kubernetes-spi-1.4.2.Final.jar (8.1 kB)Progress (5): svm-19.3.1.jar (1.7/10 MB) | quarkus-rest-client-deployment-1.4.2.Final.jar (14 kB) | jboss-metadata-common-11.0.0.Final.jar (201/475 kB) | quarkus-resteasy-jsonb-deployment-1.4.2.Final.jar (5.4 kB) | quarkus-kubernetes-spi-1.4.2.Final.jar (8.1 kB)Progress (5): svm-19.3.1.jar (1.7/10 MB) | quarkus-rest-client-deployment-1.4.2.Final.jar (14 kB) | jboss-metadata-common-11.0.0.Final.jar (205/475 kB) | quarkus-resteasy-jsonb-deployment-1.4.2.Final.jar (5.4 kB) | quarkus-kubernetes-spi-1.4.2.Final.jar (8.1 kB)Progress (5): svm-19.3.1.jar (1.7/10 MB) | quarkus-rest-client-deployment-1.4.2.Final.jar (14 kB) | jboss-metadata-common-11.0.0.Final.jar (209/475 kB) | quarkus-resteasy-jsonb-deployment-1.4.2.Final.jar (5.4 kB) | quarkus-kubernetes-spi-1.4.2.Final.jar (8.1 kB)Progress (5): svm-19.3.1.jar (1.7/10 MB) | quarkus-rest-client-deployment-1.4.2.Final.jar (14 kB) | jboss-metadata-common-11.0.0.Final.jar (213/475 kB) | quarkus-resteasy-jsonb-deployment-1.4.2.Final.jar (5.4 kB) | quarkus-kubernetes-spi-1.4.2.Final.jar (8.1 kB)Progress (5): svm-19.3.1.jar (1.7/10 MB) | quarkus-rest-client-deployment-1.4.2.Final.jar (14 kB) | jboss-metadata-common-11.0.0.Final.jar (217/475 kB) | quarkus-resteasy-jsonb-deployment-1.4.2.Final.jar (5.4 kB) | quarkus-kubernetes-spi-1.4.2.Final.jar (8.1 kB)Progress (5): svm-19.3.1.jar (1.7/10 MB) | quarkus-rest-client-deployment-1.4.2.Final.jar (14 kB) | jboss-metadata-common-11.0.0.Final.jar (217/475 kB) | quarkus-resteasy-jsonb-deployment-1.4.2.Final.jar (5.4 kB) | quarkus-kubernetes-spi-1.4.2.Final.jar (8.1 kB)Progress (5): svm-19.3.1.jar (1.7/10 MB) | quarkus-rest-client-deployment-1.4.2.Final.jar (14 kB) | jboss-metadata-common-11.0.0.Final.jar (221/475 kB) | quarkus-resteasy-jsonb-deployment-1.4.2.Final.jar (5.4 kB) | quarkus-kubernetes-spi-1.4.2.Final.jar (8.1 kB)Progress (5): svm-19.3.1.jar (1.7/10 MB) | quarkus-rest-client-deployment-1.4.2.Final.jar (14 kB) | jboss-metadata-common-11.0.0.Final.jar (225/475 kB) | quarkus-resteasy-jsonb-deployment-1.4.2.Final.jar (5.4 kB) | quarkus-kubernetes-spi-1.4.2.Final.jar (8.1 kB)Progress (5): svm-19.3.1.jar (1.7/10 MB) | quarkus-rest-client-deployment-1.4.2.Final.jar (14 kB) | jboss-metadata-common-11.0.0.Final.jar (229/475 kB) | quarkus-resteasy-jsonb-deployment-1.4.2.Final.jar (5.4 kB) | quarkus-kubernetes-spi-1.4.2.Final.jar (8.1 kB)Progress (5): svm-19.3.1.jar (1.7/10 MB) | quarkus-rest-client-deployment-1.4.2.Final.jar (14 kB) | jboss-metadata-common-11.0.0.Final.jar (233/475 kB) | quarkus-resteasy-jsonb-deployment-1.4.2.Final.jar (5.4 kB) | quarkus-kubernetes-spi-1.4.2.Final.jar (8.1 kB)Progress (5): svm-19.3.1.jar (1.7/10 MB) | quarkus-rest-client-deployment-1.4.2.Final.jar (14 kB) | jboss-metadata-common-11.0.0.Final.jar (238/475 kB) | quarkus-resteasy-jsonb-deployment-1.4.2.Final.jar (5.4 kB) | quarkus-kubernetes-spi-1.4.2.Final.jar (8.1 kB)Progress (5): svm-19.3.1.jar (1.7/10 MB) | quarkus-rest-client-deployment-1.4.2.Final.jar (14 kB) | jboss-metadata-common-11.0.0.Final.jar (242/475 kB) | quarkus-resteasy-jsonb-deployment-1.4.2.Final.jar (5.4 kB) | quarkus-kubernetes-spi-1.4.2.Final.jar (8.1 kB)Progress (5): svm-19.3.1.jar (1.7/10 MB) | quarkus-rest-client-deployment-1.4.2.Final.jar (14 kB) | jboss-metadata-common-11.0.0.Final.jar (246/475 kB) | quarkus-resteasy-jsonb-deployment-1.4.2.Final.jar (5.4 kB) | quarkus-kubernetes-spi-1.4.2.Final.jar (8.1 kB)                                                                                                                                                                                                                                                                      Downloaded from central: https://repo.maven.apache.org/maven2/io/quarkus/quarkus-rest-client-deployment/1.4.2.Final/quarkus-rest-client-deployment-1.4.2.Final.jar (14 kB at 17 kB/s)
Downloading from central: https://repo.maven.apache.org/maven2/org/jboss/metadata/jboss-metadata-web/11.0.0.Final/jboss-metadata-web-11.0.0.Final.jar
Progress (4): svm-19.3.1.jar (1.7/10 MB) | jboss-metadata-common-11.0.0.Final.jar (250/475 kB) | quarkus-resteasy-jsonb-deployment-1.4.2.Final.jar (5.4 kB) | quarkus-kubernetes-spi-1.4.2.Final.jar (8.1 kB)Progress (4): svm-19.3.1.jar (1.7/10 MB) | jboss-metadata-common-11.0.0.Final.jar (254/475 kB) | quarkus-resteasy-jsonb-deployment-1.4.2.Final.jar (5.4 kB) | quarkus-kubernetes-spi-1.4.2.Final.jar (8.1 kB)Progress (4): svm-19.3.1.jar (1.7/10 MB) | jboss-metadata-common-11.0.0.Final.jar (258/475 kB) | quarkus-resteasy-jsonb-deployment-1.4.2.Final.jar (5.4 kB) | quarkus-kubernetes-spi-1.4.2.Final.jar (8.1 kB)Progress (4): svm-19.3.1.jar (1.7/10 MB) | jboss-metadata-common-11.0.0.Final.jar (262/475 kB) | quarkus-resteasy-jsonb-deployment-1.4.2.Final.jar (5.4 kB) | quarkus-kubernetes-spi-1.4.2.Final.jar (8.1 kB)Progress (4): svm-19.3.1.jar (1.7/10 MB) | jboss-metadata-common-11.0.0.Final.jar (266/475 kB) | quarkus-resteasy-jsonb-deployment-1.4.2.Final.jar (5.4 kB) | quarkus-kubernetes-spi-1.4.2.Final.jar (8.1 kB)Progress (4): svm-19.3.1.jar (1.8/10 MB) | jboss-metadata-common-11.0.0.Final.jar (266/475 kB) | quarkus-resteasy-jsonb-deployment-1.4.2.Final.jar (5.4 kB) | quarkus-kubernetes-spi-1.4.2.Final.jar (8.1 kB)Progress (4): svm-19.3.1.jar (1.8/10 MB) | jboss-metadata-common-11.0.0.Final.jar (270/475 kB) | quarkus-resteasy-jsonb-deployment-1.4.2.Final.jar (5.4 kB) | quarkus-kubernetes-spi-1.4.2.Final.jar (8.1 kB)Progress (4): svm-19.3.1.jar (1.8/10 MB) | jboss-metadata-common-11.0.0.Final.jar (274/475 kB) | quarkus-resteasy-jsonb-deployment-1.4.2.Final.jar (5.4 kB) | quarkus-kubernetes-spi-1.4.2.Final.jar (8.1 kB)Progress (4): svm-19.3.1.jar (1.8/10 MB) | jboss-metadata-common-11.0.0.Final.jar (279/475 kB) | quarkus-resteasy-jsonb-deployment-1.4.2.Final.jar (5.4 kB) | quarkus-kubernetes-spi-1.4.2.Final.jar (8.1 kB)Progress (4): svm-19.3.1.jar (1.8/10 MB) | jboss-metadata-common-11.0.0.Final.jar (283/475 kB) | quarkus-resteasy-jsonb-deployment-1.4.2.Final.jar (5.4 kB) | quarkus-kubernetes-spi-1.4.2.Final.jar (8.1 kB)Progress (5): svm-19.3.1.jar (1.8/10 MB) | jboss-metadata-common-11.0.0.Final.jar (283/475 kB) | quarkus-resteasy-jsonb-deployment-1.4.2.Final.jar (5.4 kB) | quarkus-kubernetes-spi-1.4.2.Final.jar (8.1 kB) | jboss-metadata-web-11.0.0.Final.jar (4.1/468 kB)Progress (5): svm-19.3.1.jar (1.8/10 MB) | jboss-metadata-common-11.0.0.Final.jar (287/475 kB) | quarkus-resteasy-jsonb-deployment-1.4.2.Final.jar (5.4 kB) | quarkus-kubernetes-spi-1.4.2.Final.jar (8.1 kB) | jboss-metadata-web-11.0.0.Final.jar (4.1/468 kB)Progress (5): svm-19.3.1.jar (1.8/10 MB) | jboss-metadata-common-11.0.0.Final.jar (287/475 kB) | quarkus-resteasy-jsonb-deployment-1.4.2.Final.jar (5.4 kB) | quarkus-kubernetes-spi-1.4.2.Final.jar (8.1 kB) | jboss-metadata-web-11.0.0.Final.jar (8.2/468 kB)Progress (5): svm-19.3.1.jar (1.8/10 MB) | jboss-metadata-common-11.0.0.Final.jar (291/475 kB) | quarkus-resteasy-jsonb-deployment-1.4.2.Final.jar (5.4 kB) | quarkus-kubernetes-spi-1.4.2.Final.jar (8.1 kB) | jboss-metadata-web-11.0.0.Final.jar (8.2/468 kB)Progress (5): svm-19.3.1.jar (1.8/10 MB) | jboss-metadata-common-11.0.0.Final.jar (291/475 kB) | quarkus-resteasy-jsonb-deployment-1.4.2.Final.jar (5.4 kB) | quarkus-kubernetes-spi-1.4.2.Final.jar (8.1 kB) | jboss-metadata-web-11.0.0.Final.jar (12/468 kB) Progress (5): svm-19.3.1.jar (1.8/10 MB) | jboss-metadata-common-11.0.0.Final.jar (295/475 kB) | quarkus-resteasy-jsonb-deployment-1.4.2.Final.jar (5.4 kB) | quarkus-kubernetes-spi-1.4.2.Final.jar (8.1 kB) | jboss-metadata-web-11.0.0.Final.jar (12/468 kB)Progress (5): svm-19.3.1.jar (1.8/10 MB) | jboss-metadata-common-11.0.0.Final.jar (295/475 kB) | quarkus-resteasy-jsonb-deployment-1.4.2.Final.jar (5.4 kB) | quarkus-kubernetes-spi-1.4.2.Final.jar (8.1 kB) | jboss-metadata-web-11.0.0.Final.jar (16/468 kB)Progress (5): svm-19.3.1.jar (1.8/10 MB) | jboss-metadata-common-11.0.0.Final.jar (299/475 kB) | quarkus-resteasy-jsonb-deployment-1.4.2.Final.jar (5.4 kB) | quarkus-kubernetes-spi-1.4.2.Final.jar (8.1 kB) | jboss-metadata-web-11.0.0.Final.jar (16/468 kB)Progress (5): svm-19.3.1.jar (1.8/10 MB) | jboss-metadata-common-11.0.0.Final.jar (303/475 kB) | quarkus-resteasy-jsonb-deployment-1.4.2.Final.jar (5.4 kB) | quarkus-kubernetes-spi-1.4.2.Final.jar (8.1 kB) | jboss-metadata-web-11.0.0.Final.jar (16/468 kB)Progress (5): svm-19.3.1.jar (1.8/10 MB) | jboss-metadata-common-11.0.0.Final.jar (303/475 kB) | quarkus-resteasy-jsonb-deployment-1.4.2.Final.jar (5.4 kB) | quarkus-kubernetes-spi-1.4.2.Final.jar (8.1 kB) | jboss-metadata-web-11.0.0.Final.jar (20/468 kB)Progress (5): svm-19.3.1.jar (1.8/10 MB) | jboss-metadata-common-11.0.0.Final.jar (307/475 kB) | quarkus-resteasy-jsonb-deployment-1.4.2.Final.jar (5.4 kB) | quarkus-kubernetes-spi-1.4.2.Final.jar (8.1 kB) | jboss-metadata-web-11.0.0.Final.jar (20/468 kB)Progress (5): svm-19.3.1.jar (1.8/10 MB) | jboss-metadata-common-11.0.0.Final.jar (307/475 kB) | quarkus-resteasy-jsonb-deployment-1.4.2.Final.jar (5.4 kB) | quarkus-kubernetes-spi-1.4.2.Final.jar (8.1 kB) | jboss-metadata-web-11.0.0.Final.jar (25/468 kB)Progress (5): svm-19.3.1.jar (1.8/10 MB) | jboss-metadata-common-11.0.0.Final.jar (311/475 kB) | quarkus-resteasy-jsonb-deployment-1.4.2.Final.jar (5.4 kB) | quarkus-kubernetes-spi-1.4.2.Final.jar (8.1 kB) | jboss-metadata-web-11.0.0.Final.jar (25/468 kB)Progress (5): svm-19.3.1.jar (1.8/10 MB) | jboss-metadata-common-11.0.0.Final.jar (311/475 kB) | quarkus-resteasy-jsonb-deployment-1.4.2.Final.jar (5.4 kB) | quarkus-kubernetes-spi-1.4.2.Final.jar (8.1 kB) | jboss-metadata-web-11.0.0.Final.jar (29/468 kB)Progress (5): svm-19.3.1.jar (1.8/10 MB) | jboss-metadata-common-11.0.0.Final.jar (311/475 kB) | quarkus-resteasy-jsonb-deployment-1.4.2.Final.jar (5.4 kB) | quarkus-kubernetes-spi-1.4.2.Final.jar (8.1 kB) | jboss-metadata-web-11.0.0.Final.jar (33/468 kB)Progress (5): svm-19.3.1.jar (1.8/10 MB) | jboss-metadata-common-11.0.0.Final.jar (315/475 kB) | quarkus-resteasy-jsonb-deployment-1.4.2.Final.jar (5.4 kB) | quarkus-kubernetes-spi-1.4.2.Final.jar (8.1 kB) | jboss-metadata-web-11.0.0.Final.jar (33/468 kB)Progress (5): svm-19.3.1.jar (1.8/10 MB) | jboss-metadata-common-11.0.0.Final.jar (319/475 kB) | quarkus-resteasy-jsonb-deployment-1.4.2.Final.jar (5.4 kB) | quarkus-kubernetes-spi-1.4.2.Final.jar (8.1 kB) | jboss-metadata-web-11.0.0.Final.jar (33/468 kB)Progress (5): svm-19.3.1.jar (1.8/10 MB) | jboss-metadata-common-11.0.0.Final.jar (319/475 kB) | quarkus-resteasy-jsonb-deployment-1.4.2.Final.jar (5.4 kB) | qua
[...]
al.jar (19/35 kB)Progress (3): svm-19.3.1.jar (2.0/10 MB) | jboss-metadata-web-11.0.0.Final.jar (310/468 kB) | quarkus-undertow-deployment-1.4.2.Final.jar (22/35 kB)Progress (3): svm-19.3.1.jar (2.0/10 MB) | jboss-metadata-web-11.0.0.Final.jar (310/468 kB) | quarkus-undertow-deployment-1.4.2.Final.jar (25/35 kB)Progress (3): svm-19.3.1.jar (2.0/10 MB) | jboss-metadata-web-11.0.0.Final.jar (314/468 kB) | quarkus-undertow-deployment-1.4.2.Final.jar (25/35 kB)Progress (3): svm-19.3.1.jar (2.0/10 MB) | jboss-metadata-web-11.0.0.Final.jar (314/468 kB) | quarkus-undertow-deployment-1.4.2.Final.jar (27/35 kB)Progress (3): svm-19.3.1.jar (2.0/10 MB) | jboss-metadata-web-11.0.0.Final.jar (314/468 kB) | quarkus-undertow-deployment-1.4.2.Final.jar (30/35 kB)Progress (3): svm-19.3.1.jar (2.0/10 MB) | jboss-metadata-web-11.0.0.Final.jar (314/468 kB) | quarkus-undertow-deployment-1.4.2.Final.jar (33/35 kB)Progress (3): svm-19.3.1.jar (2.0/10 MB) | jboss-metadata-web-11.0.0.Final.jar (318/468 kB) | quarkus-undertow-deployment-1.4.2.Final.jar (33/35 kB)Progress (3): svm-19.3.1.jar (2.0/10 MB) | jboss-metadata-web-11.0.0.Final.jar (318/468 kB) | quarkus-undertow-deployment-1.4.2.Final.jar (35 kB)   Progress (3): svm-19.3.1.jar (2.0/10 MB) | jboss-metadata-web-11.0.0.Final.jar (322/468 kB) | quarkus-undertow-deployment-1.4.2.Final.jar (35 kB)Progress (3): svm-19.3.1.jar (2.0/10 MB) | jboss-metadata-web-11.0.0.Final.jar (327/468 kB) | quarkus-undertow-deployment-1.4.2.Final.jar (35 kB)Progress (3): svm-19.3.1.jar (2.0/10 MB) | jboss-metadata-web-11.0.0.Final.jar (331/468 kB) | quarkus-undertow-deployment-1.4.2.Final.jar (35 kB)Progress (3): svm-19.3.1.jar (2.0/10 MB) | jboss-metadata-web-11.0.0.Final.jar (331/468 kB) | quarkus-undertow-deployment-1.4.2.Final.jar (35 kB)Progress (3): svm-19.3.1.jar (2.0/10 MB) | jboss-metadata-web-11.0.0.Final.jar (335/468 kB) | quarkus-undertow-deployment-1.4.2.Final.jar (35 kB)Progress (3): svm-19.3.1.jar (2.0/10 MB) | jboss-metadata-web-11.0.0.Final.jar (339/468 kB) | quarkus-undertow-deployment-1.4.2.Final.jar (35 kB)Progress (3): svm-19.3.1.jar (2.0/10 MB) | jboss-metadata-web-11.0.0.Final.jar (343/468 kB) | quarkus-undertow-deployment-1.4.2.Final.jar (35 kB)Progress (3): svm-19.3.1.jar (2.0/10 MB) | jboss-metadata-web-11.0.0.Final.jar (347/468 kB) | quarkus-undertow-deployment-1.4.2.Final.jar (35 kB)Progress (4): svm-19.3.1.jar (2.0/10 MB) | jboss-metadata-web-11.0.0.Final.jar (347/468 kB) | quarkus-undertow-deployment-1.4.2.Final.jar (35 kB) | quarkus-jsonb-spi-1.4.2.Final.jar (4.0 kB)Progress (4): svm-19.3.1.jar (2.0/10 MB) | jboss-metadata-web-11.0.0.Final.jar (351/468 kB) | quarkus-undertow-deployment-1.4.2.Final.jar (35 kB) | quarkus-jsonb-spi-1.4.2.Final.jar (4.0 kB)Progress (4): svm-19.3.1.jar (2.1/10 MB) | jboss-metadata-web-11.0.0.Final.jar (351/468 kB) | quarkus-undertow-deployment-1.4.2.Final.jar (35 kB) | quarkus-jsonb-spi-1.4.2.Final.jar (4.0 kB)Progress (4): svm-19.3.1.jar (2.1/10 MB) | jboss-metadata-web-11.0.0.Final.jar (355/468 kB) | quarkus-undertow-deployment-1.4.2.Final.jar (35 kB) | quarkus-jsonb-spi-1.4.2.Final.jar (4.0 kB)Progress (4): svm-19.3.1.jar (2.1/10 MB) | jboss-metadata-web-11.0.0.Final.jar (359/468 kB) | quarkus-undertow-deployment-1.4.2.Final.jar (35 kB) | quarkus-jsonb-spi-1.4.2.Final.jar (4.0 kB)Progress (4): svm-19.3.1.jar (2.1/10 MB) | jboss-metadata-web-11.0.0.Final.jar (363/468 kB) | quarkus-undertow-deployment-1.4.2.Final.jar (35 kB) | quarkus-jsonb-spi-1.4.2.Final.jar (4.0 kB)Progress (4): svm-19.3.1.jar (2.1/10 MB) | jboss-metadata-web-11.0.0.Final.jar (367/468 kB) | quarkus-undertow-deployment-1.4.2.Final.jar (35 kB) | quarkus-jsonb-spi-1.4.2.Final.jar (4.0 kB)Progress (4): svm-19.3.1.jar (2.1/10 MB) | jboss-metadata-web-11.0.0.Final.jar (372/468 kB) | quarkus-undertow-deployment-1.4.2.Final.jar (35 kB) | quarkus-jsonb-spi-1.4.2.Final.jar (4.0 kB)Progress (4): svm-19.3.1.jar (2.1/10 MB) | jboss-metadata-web-11.0.0.Final.jar (376/468 kB) | quarkus-undertow-deployment-1.4.2.Final.jar (35 kB) | quarkus-jsonb-spi-1.4.2.Final.jar (4.0 kB)Progress (4): svm-19.3.1.jar (2.1/10 MB) | jboss-metadata-web-11.0.0.Final.jar (380/468 kB) | quarkus-undertow-deployment-1.4.2.Final.jar (35 kB) | quarkus-jsonb-spi-1.4.2.Final.jar (4.0 kB)Progress (4): svm-19.3.1.jar (2.1/10 MB) | jboss-metadata-web-11.0.0.Final.jar (384/468 kB) | quarkus-undertow-deployment-1.4.2.Final.jar (35 kB) | quarkus-jsonb-spi-1.4.2.Final.jar (4.0 kB)Progress (4): svm-19.3.1.jar (2.1/10 MB) | jboss-metadata-web-11.0.0.Final.jar (384/468 kB) | quarkus-undertow-deployment-1.4.2.Final.jar (35 kB) | quarkus-jsonb-spi-1.4.2.Final.jar (4.0 kB)Progress (4): svm-19.3.1.jar (2.1/10 MB) | jboss-metadata-web-11.0.0.Final.jar (388/468 kB) | quarkus-undertow-deployment-1.4.2.Final.jar (35 kB) | quarkus-jsonb-spi-1.4.2.Final.jar (4.0 kB)Progress (4): svm-19.3.1.jar (2.1/10 MB) | jboss-metadata-web-11.0.0.Final.jar (392/468 kB) | quarkus-undertow-deployment-1.4.2.Final.jar (35 kB) | quarkus-jsonb-spi-1.4.2.Final.jar (4.0 kB)Progress (4): svm-19.3.1.jar (2.1/10 MB) | jboss-metadata-web-11.0.0.Final.jar (396/468 kB) | quarkus-undertow-deployment-1.4.2.Final.jar (35 kB) | quarkus-jsonb-spi-1.4.2.Final.jar (4.0 kB)Progress (4): svm-19.3.1.jar (2.1/10 MB) | jboss-metadata-web-11.0.0.Final.jar (400/468 kB) | quarkus-undertow-deployment-1.4.2.Final.jar (35 kB) | quarkus-jsonb-spi-1.4.2.Final.jar (4.0 kB)Progress (4): svm-19.3.1.jar (2.1/10 MB) | jboss-metadata-web-11.0.0.Final.jar (404/468 kB) | quarkus-undertow-deployment-1.4.2.Final.jar (35 kB) | quarkus-jsonb-spi-1.4.2.Final.jar (4.0 kB)Progress (4): svm-19.3.1.jar (2.1/10 MB) | jboss-metadata-web-11.0.0.Final.jar (408/468 kB) | quarkus-undertow-deployment-1.4.2.Final.jar (35 kB) | quarkus-jsonb-spi-1.4.2.Final.jar (4.0 kB)Progress (4): svm-19.3.1.jar (2.1/10 MB) | jboss-metadata-web-11.0.0.Final.jar (413/468 kB) | quarkus-undertow-deployment-1.4.2.Final.jar (35 kB) | quarkus-jsonb-spi-1.4.2.Final.jar (4.0 kB)Progress (4): svm-19.3.1.jar (2.1/10 MB) | jboss-metadata-web-11.0.0.Final.jar (417/468 kB) | quarkus-undertow-deployment-1.4.2.Final.jar (35 kB) | quarkus-jsonb-spi-1.4.2.Final.jar (4.0 kB)Progress (4): svm-19.3.1.jar (2.1/10 MB) | jboss-metadata-web-11.0.0.Final.jar (421/468 kB) | quarkus-undertow-deployment-1.4.2.Final.jar (35 kB) | quarkus-jsonb-spi-1.4.2.Final.jar (4.0 kB)Progress (4): svm-19.3.1.jar (2.2/10 MB) | jboss-metadata-web-11.0.0.Final.jar (421/468 kB) | quarkus-undertow-deployment-1.4.2.Final.jar (35 kB) | quarkus-jsonb-spi-1.4.2.Final.jar (4.0 kB)Progress (4): svm-19.3.1.jar (2.2/10 MB) | jboss-metadata-web-11.0.0.Final.jar (425/468 kB) | quarkus-undertow-deployment-1.4.2.Final.jar (35 kB) | quarkus-jsonb-spi-1.4.2.Final.jar (4.0 kB)Progress (4): svm-19.3.1.jar (2.2/10 MB) | jboss-metadata-web-11.0.0.Final.jar (429/468 kB) | quarkus-undertow-deployment-1.4.2.Final.jar (35 kB) | quarkus-jsonb-spi-1.4.2.Final.jar (4.0 kB)Progress (4): svm-19.3.1.jar (2.2/10 MB) | jboss-metadata-web-11.0.0.Final.jar (433/468 kB) | quarkus-undertow-deployment-1.4.2.Final.jar (35 kB) | quarkus-jsonb-spi-1.4.2.Final.jar (4.0 kB)Progress (4): svm-19.3.1.jar (2.2/10 MB) | jboss-metadata-web-11.0.0.Final.jar (437/468 kB) | quarkus-undertow-deployment-1.4.2.Final.jar (35 kB) | quarkus-jsonb-spi-1.4.2.Final.jar (4.0 kB)Progress (4): svm-19.3.1.jar (2.2/10 MB) | jboss-metadata-web-11.0.0.Final.jar (441/468 kB) | quarkus-undertow-deployment-1.4.2.Final.jar (35 kB) | quarkus-jsonb-spi-1.4.2.Final.jar (4.0 kB)Progress (4): svm-19.3.1.jar (2.2/10 MB) | jboss-metadata-web-11.0.0.Final.jar (441/468 kB) | quarkus-undertow-deployment-1.4.2.Final.jar (35 kB) | quarkus-jsonb-spi-1.4.2.Final.jar (4.0 kB)Progress (4): svm-19.3.1.jar (2.2/10 MB) | jboss-metadata-web-11.0.0.Final.jar (445/468 kB) | quarkus-undertow-deployment-1.4.2.Final.jar (35 kB) | quarkus-jsonb-spi-1.4.2.Final.jar (4.0 kB)Progress (4): svm-19.3.1.jar (2.2/10 MB) | jboss-metadata-web-11.0.0.Final.jar (449/468 kB) | quarkus-undertow-deployment-1.4.2.Final.jar (35 kB) | quarkus-jsonb-spi-1.4.2.Final.jar (4.0 kB)Progress (4): svm-19.3.1.jar (2.2/10 MB) | jboss-metadata-web-11.0.0.Final.jar (453/468 kB) | quarkus-undertow-deployment-1.4.2.Final.jar (35 kB) | quarkus-jsonb-spi-1.4.2.Final.jar (4.0 kB)Progress (4): svm-19.3.1.jar (2.2/10 MB) | jboss-metadata-web-11.0.0.Final.jar (458/468 kB) | quarkus-undertow-deployment-1.4.2.Final.jar (35 kB) | quarkus-jsonb-spi-1.4.2.Final.jar (4.0 kB)Progress (4): svm-19.3.1.jar (2.2/10 MB) | jboss-metadata-web-11.0.0.Final.jar (462/468 kB) | quarkus-undertow-deployment-1.4.2.Final.jar (35 kB) | quarkus-jsonb-spi-1.4.2.Final.jar (4.0 kB)Progress (5): svm-19.3.1.jar (2.2/10 MB) | jboss-metadata-web-11.0.0.Final.jar (462/468 kB) | quarkus-undertow-deployment-1.4.2.Final.jar (35 kB) | quarkus-jsonb-spi-1.4.2.Final.jar (4.0 kB) | quarkus-jsonb-deployment-1.4.2.Final.jar (4.1/8.9 kB)Progress (5): svm-19.3.1.jar (2.2/10 MB) | jboss-metadata-web-11.0.0.Final.jar (466/468 kB) | quarkus-undertow-deployment-1.4.2.Final.jar (35 kB) | quarkus-jsonb-spi-1.4.2.Final.jar (4.0 kB) | quarkus-jsonb-deployment-1.4.2.Final.jar (4.1/8.9 kB)Progress (5): svm-19.3.1.jar (2.2/10 MB) | jboss-metadata-web-11.0.0.Final.jar (468 kB) | quarkus-undertow-deployment-1.4.2.Final.jar (35 kB) | quarkus-jsonb-spi-1.4.2.Final.jar (4.0 kB) | quarkus-jsonb-deployment-1.4.2.Final.jar (4.1/8.9 kB)    Progress (5): svm-19.3.1.jar (2.2/10 MB) | jboss-metadata-web-11.0.0.Final.jar (468 kB) | quarkus-undertow-deployment-1.4.2.Final.jar (35 kB) | quarkus-jsonb-spi-1.4.2.Final.jar (4.0 kB) | quarkus-jsonb-deployment-1.4.2.Final.jar (8.2/8.9 kB)Progress (5): svm-19.3.1.jar (2.2/10 MB) | jboss-metadata-web-11.0.0.Final.jar (468 kB) | quarkus-undertow-deployment-1.4.2.Final.jar (35 kB) | quarkus-jsonb-spi-1.4.2.Final.jar (4.0 kB) | quarkus-jsonb-deployment-1.4.2.Final.jar (8.9 kB)    Progress (5): svm-19.3.1.jar (2.3/10 MB) | jboss-metadata-web-11.0.0.Final.jar (468 kB) | quarkus-undertow-deployment-1.4.2.Final.jar (35 kB) | quarkus-jsonb-spi-1.4.2.Final.jar (4.0 kB) | quarkus-jsonb-deployment-1.4.2.Final.jar (8.9 kB)Progress (5): svm-19.3.1.jar (2.3/10 MB) | jboss-metadata-web-11.0.0.Final.jar (468 kB) | quarkus-undertow-deployment-1.4.2.Final.jar (35 kB) | quarkus-jsonb-spi-1.4.2.Final.jar (4.0 kB) | quarkus-jsonb-deployment-1.4.2.Final.jar (8.9 kB)Progress (5): svm-19.3.1.jar (2.4/10 MB) | jboss-metadata-web-11.0.0.Final.jar (468 kB) | quarkus-undertow-deployment-1.4.2.Final.jar (35 kB) | quarkus-jsonb-spi-1.4.2.Final.jar (4.0 kB) | quarkus-jsonb-deployment-1.4.2.Final.jar (8.9 kB)Progress (5): svm-19.3.1.jar (2.4/10 MB) | jboss-metadata-web-11.0.0.Final.jar (468 kB) | quarkus-undertow-deployment-1.4.2.Final.jar (35 kB) | quarkus-jsonb-spi-1.4.2.Final.jar (4.0 kB) | quarkus-jsonb-deployment-1.4.2.Final.jar (8.9 kB)                                                                                                                                                                                                                                              Downloaded from central: https://repo.maven.apache.org/maven2/io/quarkus/quarkus-undertow-deployment/1.4.2.Final/quarkus-undertow-deployment-1.4.2.Final.jar (35 kB at 31 kB/s)
Downloaded from central: https://repo.maven.apache.org/maven2/org/jboss/metadata/jboss-metadata-web/11.0.0.Final/jboss-metadata-web-11.0.0.Final.jar (468 kB at 424 kB/s)
Progress (3): svm-19.3.1.jar (2.5/10 MB) | quarkus-jsonb-spi-1.4.2.Final.jar (4.0 kB) | quarkus-jsonb-deployment-1.4.2.Final.jar (8.9 kB)Progress (3): svm-19.3.1.jar (2.5/10 MB) | quarkus-jsonb-spi-1.4.2.Final.jar (4.0 kB) | quarkus-jsonb-deployment-1.4.2.Final.jar (8.9 kB)                                                                                                                                         Downloaded from central: https://repo.maven.apache.org/maven2/io/quarkus/quarkus-jsonb-spi/1.4.2.Final/quarkus-jsonb-spi-1.4.2.Final.jar (4.0 kB at 3.6 kB/s)
Progress (2): svm-19.3.1.jar (2.6/10 MB) | quarkus-jsonb-deployment-1.4.2.Final.jar (8.9 kB)Progress (2): svm-19.3.1.jar (2.6/10 MB) | quarkus-jsonb-deployment-1.4.2.Final.jar (8.9 kB)Progress (2): svm-19.3.1.jar (2.7/10 MB) | quarkus-jsonb-deployment-1.4.2.Final.jar (8.9 kB)Progress (2): svm-19.3.1.jar (2.7/10 MB) | quarkus-jsonb-deployment-1.4.2.Final.jar (8.9 kB)Progress (2): svm-19.3.1.jar (2.8/10 MB) | quarkus-jsonb-deployment-1.4.2.Final.jar (8.9 kB)Progress (2): svm-19.3.1.jar (2.8/10 MB) | quarkus-jsonb-deployment-1.4.2.Final.jar (8.9 kB)Progress (2): svm-19.3.1.jar (2.9/10 MB) | quarkus-jsonb-deployment-1.4.2.Final.jar (8.9 kB)Progress (2): svm-19.3.1.jar (2.9/10 MB) | quarkus-jsonb-deployment-1.4.2.Final.jar (8.9 kB)                                                                                            Downloaded from central: https://repo.maven.apache.org/maven2/io/quarkus/quarkus-jsonb-deployment/1.4.2.Final/quarkus-jsonb-deployment-1.4.2.Final.jar (8.9 kB at 7.5 kB/s)
Progress (1): svm-19.3.1.jar (3.0/10 MB)Progress (1): svm-19.3.1.jar (3.0/10 MB)Progress (1): svm-19.3.1.jar (3.1/10 MB)Progress (1): svm-19.3.1.jar (3.1/10 MB)Progress (1): svm-19.3.1.jar (3.2/10 MB)Progress (1): svm-19.3.1.jar (3.2/10 MB)Progress (1): svm-19.3.1.jar (3.3/10 MB)Progress (1): svm-19.3.1.jar (3.3/10 MB)Progress (1): svm-19.3.1.jar (3.4/10 MB)Progress (1): svm-19.3.1.jar (3.4/10 MB)Progress (1): svm-19.3.1.jar (3.5/10 MB)Progress (1): svm-19.3.1.jar (3.5/10 MB)Progress (1): svm-19.3.1.jar (3.5/10 MB)Progress (1): svm-19.3.1.jar (3.6/10 MB)Progress (1): svm-19.3.1.jar (3.6/10 MB)Progress (1): svm-19.3.1.jar (3.7/10 MB)Progress (1): svm-19.3.1.jar (3.7/10 MB)Progress (1): svm-19.3.1.jar (3.8/10 MB)Progress (1): svm-19.3.1.jar (3.8/10 MB)Progress (1): svm-19.3.1.jar (3.9/10 MB)Progress (1): svm-19.3.1.jar (3.9/10 MB)Progress (1): svm-19.3.1.jar (4.0/10 MB)Progress (1): svm-19.3.1.jar (4.0/10 MB)Progress (1): svm-19.3.1.jar (4.1/10 MB)Progress (1): svm-19.3.1.jar (4.1/10 MB)Progress (1): svm-19.3.1.jar (4.2/10 MB)Progress (1): svm-19.3.1.jar (4.2/10 MB)Progress (1): svm-19.3.1.jar (4.3/10 MB)Progress (1): svm-19.3.1.jar (4.3/10 MB)Progress (1): svm-19.3.1.jar (4.4/10 MB)Progress (1): svm-19.3.1.jar (4.4/10 MB)Progress (1): svm-19.3.1.jar (4.5/10 MB)Progress (1): svm-19.3.1.jar (4.5/10 MB)Progress (1): svm-19.3.1.jar (4.6/10 MB)Progress (1): svm-19.3.1.jar (4.6/10 MB)Progress (1): svm-19.3.1.jar (4.7/10 MB)Progress (1): svm-19.3.1.jar (4.7/10 MB)Progress (1): svm-19.3.1.jar (4.8/10 MB)Progress (1): svm-19.3.1.jar (4.8/10 MB)Progress (1): svm-19.3.1.jar (4.9/10 MB)Progress (1): svm-19.3.1.jar (4.9/10 MB)Progress (1): svm-19.3.1.jar (5.0/10 MB)Progress (1): svm-19.3.1.jar (5.0/10 MB)Progress (1): svm-19.3.1.jar (5.1/10 MB)Progress (1): svm-19.3.1.jar (5.1/10 MB)Progress (1): svm-19.3.1.jar (5.2/10 MB)Progress (1): svm-19.3.1.jar (5.2/10 MB)Progress (1): svm-19.3.1.jar (5.3/10 MB)Progress (1): svm-19.3.1.jar (5.3/10 MB)Progress (1): svm-19.3.1.jar (5.4/10 MB)Progress (1): svm-19.3.1.jar (5.4/10 MB)Progress (1): svm-19.3.1.jar (5.5/10 MB)Progress (1): svm-19.3.1.jar (5.5/10 MB)Progress (1): svm-19.3.1.jar (5.6/10 MB)Progress (1): svm-19.3.1.jar (5.6/10 MB)Progress (1): svm-19.3.1.jar (5.7/10 MB)Progress (1): svm-19.3.1.jar (5.7/10 MB)Progress (1): svm-19.3.1.jar (5.8/10 MB)Progress (1): svm-19.3.1.jar (5.8/10 MB)Progress (1): svm-19.3.1.jar (5.9/10 MB)Progress (1): svm-19.3.1.jar (5.9/10 MB)Progress (1): svm-19.3.1.jar (6.0/10 MB)Progress (1): svm-19.3.1.jar (6.0/10 MB)Progress (1): svm-19.3.1.jar (6.1/10 MB)Progress (1): svm-19.3.1.jar (6.1/10 MB)Progress (1): svm-19.3.1.jar (6.2/10 MB)Progress (1): svm-19.3.1.jar (6.2/10 MB)Progress (1): svm-19.3.1.jar (6.3/10 MB)Progress (1): svm-19.3.1.jar (6.3/10 MB)Progress (1): svm-19.3.1.jar (6.3/10 MB)Progress (1): svm-19.3.1.jar (6.4/10 MB)Progress (1): svm-19.3.1.jar (6.4/10 MB)Progress (1): svm-19.3.1.jar (6.5/10 MB)Progress (1): svm-19.3.1.jar (6.5/10 MB)Progress (1): svm-19.3.1.jar (6.6/10 MB)Progress (1): svm-19.3.1.jar (6.6/10 MB)Progress (1): svm-19.3.1.jar (6.7/10 MB)Progress (1): svm-19.3.1.jar (6.7/10 MB)Progress (1): svm-19.3.1.jar (6.8/10 MB)Progress (1): svm-19.3.1.jar (6.8/10 MB)Progress (1): svm-19.3.1.jar (6.9/10 MB)Progress (1): svm-19.3.1.jar (6.9/10 MB)Progress (1): svm-19.3.1.jar (7.0/10 MB)Progress (1): svm-19.3.1.jar (7.0/10 MB)Progress (1): svm-19.3.1.jar (7.1/10 MB)Progress (1): svm-19.3.1.jar (7.1/10 MB)Progress (1): svm-19.3.1.jar (7.2/10 MB)Progress (1): svm-19.3.1.jar (7.2/10 MB)Progress (1): svm-19.3.1.jar (7.3/10 MB)Progress (1): svm-19.3.1.jar (7.3/10 MB)Progress (1): svm-19.3.1.jar (7.4/10 MB)Progress (1): svm-19.3.1.jar (7.4/10 MB)Progress (1): svm-19.3.1.jar (7.5/10 MB)Progress (1): svm-19.3.1.jar (7.5/10 MB)Progress (1): svm-19.3.1.jar (7.6/10 MB)Progress (1): svm-19.3.1.jar (7.6/10 MB)Progress (1): svm-19.3.1.jar (7.7/10 MB)Progress (1): svm-19.3.1.jar (7.7/10 MB)Progress (1): svm-19.3.1.jar (7.8/10 MB)Progress (1): svm-19.3.1.jar (7.8/10 MB)Progress (1): svm-19.3.1.jar (7.9/10 MB)Progress (1): svm-19.3.1.jar (7.9/10 MB)Progress (1): svm-19.3.1.jar (8.0/10 MB)Progress (1): svm-19.3.1.jar (8.0/10 MB)Progress (1): svm-19.3.1.jar (8.1/10 MB)Progress (1): svm-19.3.1.jar (8.1/10 MB)Progress (1): svm-19.3.1.jar (8.2/10 MB)Progress (1): svm-19.3.1.jar (8.2/10 MB)Progress (1): svm-19.3.1.jar (8.3/10 MB)Progress (1): svm-19.3.1.jar (8.3/10 MB)Progress (1): svm-19.3.1.jar (8.4/10 MB)Progress (1): svm-19.3.1.jar (8.4/10 MB)Progress (1): svm-19.3.1.jar (8.5/10 MB)Progress (1): svm-19.3.1.jar (8.5/10 MB)Progress (1): svm-19.3.1.jar (8.6/10 MB)Progress (1): svm-19.3.1.jar (8.6/10 MB)Progress (1): svm-19.3.1.jar (8.7/10 MB)Progress (1): svm-19.3.1.jar (8.7/10 MB)Progress (1): svm-19.3.1.jar (8.8/10 MB)Progress (1): svm-19.3.1.jar (8.8/10 MB)Progress (1): svm-19.3.1.jar (8.9/10 MB)Progress (1): svm-19.3.1.jar (8.9/10 MB)Progress (1): svm-19.3.1.jar (9.0/10 MB)Progress (1): svm-19.3.1.jar (9.0/10 MB)Progress (1): svm-19.3.1.jar (9.1/10 MB)Progress (1): svm-19.3.1.jar (9.1/10 MB)Progress (1): svm-19.3.1.jar (9.2/10 MB)Progress (1): svm-19.3.1.jar (9.2/10 MB)Progress (1): svm-19.3.1.jar (9.2/10 MB)Progress (1): svm-19.3.1.jar (9.3/10 MB)Progress (1): svm-19.3.1.jar (9.3/10 MB)Progress (1): svm-19.3.1.jar (9.4/10 MB)Progress (1): svm-19.3.1.jar (9.4/10 MB)Progress (1): svm-19.3.1.jar (9.5/10 MB)Progress (1): svm-19.3.1.jar (9.5/10 MB)Progress (1): svm-19.3.1.jar (9.6/10 MB)Progress (1): svm-19.3.1.jar (9.6/10 MB)Progress (1): svm-19.3.1.jar (9.7/10 MB)Progress (1): svm-19.3.1.jar (9.7/10 MB)Progress (1): svm-19.3.1.jar (9.8/10 MB)Progress (1): svm-19.3.1.jar (9.8/10 MB)Progress (1): svm-19.3.1.jar (9.9/10 MB)Progress (1): svm-19.3.1.jar (9.9/10 MB)Progress (1): svm-19.3.1.jar (10.0/10 MB)Progress (1): svm-19.3.1.jar (10/10 MB)  Progress (1): svm-19.3.1.jar (10/10 MB)Progress (1): svm-19.3.1.jar (10/10 MB)Progress (1): svm-19.3.1.jar (10 MB)                                       Downloaded from central: https://repo.maven.apache.org/maven2/org/graalvm/nativeimage/svm/19.3.1/svm-19.3.1.jar (10 MB at 4.4 MB/s)
2021-08-30 17:55:49,319 INFO  [io.und.web.jsr] (main) UT026003: Adding annotated server endpoint class org.ostfalia.websockets.ChatSocket for path /chat/{username}
2021-08-30 17:55:49,336 INFO  [io.und.web.jsr] (main) UT026003: Adding annotated server endpoint class org.ostfalia.websockets.MainSocket for path /mainsocket
2021-08-30 17:55:50,318 INFO  [io.quarkus] (main) Quarkus 1.4.2.Final started in 3.174s. Listening on: http://0.0.0.0:8081 and https://0.0.0.0:8444
2021-08-30 17:55:50,319 INFO  [io.quarkus] (main) Profile test activated. 
2021-08-30 17:55:50,320 INFO  [io.quarkus] (main) Installed features: [cdi, rest-client, resteasy, resteasy-jsonb, servlet, undertow-websockets]
]]></system-out>
  </testcase>
</testsuite>